May 04 18:35 : exception: Failed to open '/home/amine/.config/mpd/state': No such file or directory
May 04 18:35 : exception: Failed to access /home/amine/D/Music: No such file or directory
May 04 18:35 : exception: inotify_add_watch() has failed: No such file or directory
May 04 18:55 : update: added (1969) Led Zeppelin - Led Zeppelin/11 - I Can't Quit You Baby.mp3
May 04 18:55 : update: added (1969) Led Zeppelin - Led Zeppelin/02 - Babe I'm Gonna Leave You.mp3
May 04 18:55 : update: added (1969) Led Zeppelin - Led Zeppelin/13 - Dazed and Confused.mp3
May 04 18:55 : update: added (1969) Led Zeppelin - Led Zeppelin/12 - Heartbreaker.mp3
May 04 18:55 : update: added (1969) Led Zeppelin - Led Zeppelin/06 - Black Mountain Side.mp3
May 04 18:55 : update: added (1969) Led Zeppelin - Led Zeppelin/07 - Communication Breakdown.mp3
May 04 18:55 : update: added (1969) Led Zeppelin - Led Zeppelin/01 - Good Times Bad Times.mp3
May 04 18:55 : update: added (1969) Led Zeppelin - Led Zeppelin/04 - Dazed and Confused.mp3
May 04 18:55 : update: added (1969) Led Zeppelin - Led Zeppelin/08 - I Can't Quit You Baby.mp3
May 04 18:55 : update: added (1969) Led Zeppelin - Led Zeppelin/16 - Moby Dick.mp3
May 04 18:55 : update: added (1969) Led Zeppelin - Led Zeppelin/14 - White Summer _ Black Mountain Side.mp3
May 04 18:55 : update: added (1969) Led Zeppelin - Led Zeppelin/05 - Your Time Is Gonna Come.mp3
May 04 18:55 : update: added (1969) Led Zeppelin - Led Zeppelin/15 - You Shook Me.mp3
May 04 18:55 : update: added (1969) Led Zeppelin - Led Zeppelin/09 - How Many More Times.mp3
May 04 18:55 : update: added (1969) Led Zeppelin - Led Zeppelin/17 - How Many More Times.mp3
May 04 18:55 : update: added (1969) Led Zeppelin - Led Zeppelin/03 - You Shook Me.mp3
May 04 18:55 : update: added (1970) Pink Floyd - Atom Heart Mother/05 - Alan’s Psychedelic Breakfast_ a) Rise and Shine _ b) Sunny Side Up _ c) Morning Glory.mp3
May 04 18:55 : update: added (1970) Pink Floyd - Atom Heart Mother/01 - Atom Heart Mother_ a) Father’s Shout _ b) Breast Milky _ c) Mother Fore _ d) Funky Dung _ e) Mind Your Throats Please _ f) Remergence.mp3
May 04 18:55 : update: added (1970) Pink Floyd - Atom Heart Mother/04 - Fat Old Sun.mp3
May 04 18:55 : update: added (1970) Pink Floyd - Atom Heart Mother/02 - If.mp3
May 04 18:55 : update: added (1970) Pink Floyd - Atom Heart Mother/03 - Summer ’68.mp3
May 04 18:55 : update: added (1983) Pink Floyd - The Final Cut/01 - The Post War Dream.mp3
May 04 18:55 : update: added (1983) Pink Floyd - The Final Cut/11 - The Final Cut.mp3
May 04 18:55 : update: added (1983) Pink Floyd - The Final Cut/06 - The Gunner’s Dream.mp3
May 04 18:55 : update: added (1983) Pink Floyd - The Final Cut/13 - Two Suns in the Sunset.mp3
May 04 18:55 : update: added (1983) Pink Floyd - The Final Cut/12 - Not Now John.mp3
May 04 18:55 : update: added (1983) Pink Floyd - The Final Cut/05 - The Hero’s Return.mp3
May 04 18:55 : update: added (1983) Pink Floyd - The Final Cut/02 - Your Possible Pasts.mp3
May 04 18:55 : update: added (1983) Pink Floyd - The Final Cut/04 - When the Tigers Broke Free.mp3
May 04 18:55 : update: added (1983) Pink Floyd - The Final Cut/09 - The Fletcher Memorial Home.mp3
May 04 18:55 : update: added (1983) Pink Floyd - The Final Cut/10 - Southampton Dock.mp3
May 04 18:55 : update: added (1983) Pink Floyd - The Final Cut/07 - Paranoid Eyes.mp3
May 04 18:55 : update: added (1983) Pink Floyd - The Final Cut/08 - Get Your Filthy Hands off My Desert.mp3
May 04 18:55 : update: added (1983) Pink Floyd - The Final Cut/03 - One of the Few.mp3
May 04 18:55 : update: added (1972) Pink Floyd - The Early Years_ 1972_ Obfusc_ation/11 - Careful With That Axe, Eugene (live at Pompeii) (2016 remix).mp3
May 04 18:55 : update: added (1972) Pink Floyd - The Early Years_ 1972_ Obfusc_ation/15 - Echoes (live at Pompeii) (2016 remix).mp3
May 04 18:55 : update: added (1972) Pink Floyd - The Early Years_ 1972_ Obfusc_ation/05 - Wot’s… Uh the Deal_ (2016 remix).mp3
May 04 18:55 : update: added (1972) Pink Floyd - The Early Years_ 1972_ Obfusc_ation/13 - One of These Days (live at Pompeii) (2016 remix).mp3
May 04 18:55 : update: added (1972) Pink Floyd - The Early Years_ 1972_ Obfusc_ation/03 - Burning Bridges (2016 remix).mp3
May 04 18:55 : update: added (1972) Pink Floyd - The Early Years_ 1972_ Obfusc_ation/08 - Free Four (2016 remix).mp3
May 04 18:55 : update: added (1972) Pink Floyd - The Early Years_ 1972_ Obfusc_ation/07 - Childhood’s End (2016 remix).mp3
May 04 18:55 : update: added (1972) Pink Floyd - The Early Years_ 1972_ Obfusc_ation/16 - Careful With That Axe, Eugene (alternate take) (live at Pompeii) (2016 remix).mp3
May 04 18:55 : update: added (1972) Pink Floyd - The Early Years_ 1972_ Obfusc_ation/09 - Stay (2016 remix).mp3
May 04 18:55 : update: added (1972) Pink Floyd - The Early Years_ 1972_ Obfusc_ation/01 - Obscured by Clouds (2016 remix).mp3
May 04 18:55 : update: added (1972) Pink Floyd - The Early Years_ 1972_ Obfusc_ation/12 - Set the Controls for the Heart of the Sun (live at Pompeii) (2016 remix).mp3
May 04 18:55 : update: added (1972) Pink Floyd - The Early Years_ 1972_ Obfusc_ation/04 - The Gold It’s in The… (2016 remix).mp3
May 04 18:55 : update: added (1972) Pink Floyd - The Early Years_ 1972_ Obfusc_ation/10 - Absolutely Curtains (2016 remix).mp3
May 04 18:55 : update: added (1972) Pink Floyd - The Early Years_ 1972_ Obfusc_ation/14 - A Saucerful of Secrets (live at Pompeii) (2016 remix).mp3
May 04 18:55 : update: added (1972) Pink Floyd - The Early Years_ 1972_ Obfusc_ation/02 - When You’re In (2016 remix).mp3
May 04 18:55 : update: added (1979) Pink Floyd - The Wall/07 - Goodbye Blue Sky.mp3
May 04 18:55 : update: added (1979) Pink Floyd - The Wall/15 - Is There Anybody Out There_.mp3
May 04 18:55 : update: added (1979) Pink Floyd - The Wall/03 - Another Brick in the Wall, Part 1.mp3
May 04 18:55 : update: added (1979) Pink Floyd - The Wall/16 - Nobody Home.mp3
May 04 18:55 : update: added (1979) Pink Floyd - The Wall/11 - Don’t Leave Me Now.mp3
May 04 18:55 : update: added (1979) Pink Floyd - The Wall/19 - Comfortably Numb.mp3
May 04 18:55 : update: added (1979) Pink Floyd - The Wall/12 - Another Brick in the Wall, Part 3.mp3
May 04 18:55 : update: added (1979) Pink Floyd - The Wall/17 - Vera.mp3
May 04 18:55 : update: added (1979) Pink Floyd - The Wall/18 - Bring the Boys Back Home.mp3
May 04 18:55 : update: added (1979) Pink Floyd - The Wall/21 - In the Flesh.mp3
May 04 18:55 : update: added (1979) Pink Floyd - The Wall/10 - One of My Turns.mp3
May 04 18:55 : update: added (1979) Pink Floyd - The Wall/08 - Empty Spaces.mp3
May 04 18:55 : update: added (1979) Pink Floyd - The Wall/26 - Outside the Wall.mp3
May 04 18:55 : update: added (1979) Pink Floyd - The Wall/06 - Mother.mp3
May 04 18:55 : update: added (1979) Pink Floyd - The Wall/25 - The Trial.mp3
May 04 18:55 : update: added (1979) Pink Floyd - The Wall/01 - In the Flesh_.mp3
May 04 18:55 : update: added (1979) Pink Floyd - The Wall/13 - Goodbye Cruel World.mp3
May 04 18:55 : update: added (1979) Pink Floyd - The Wall/23 - Waiting for the Worms.mp3
May 04 18:55 : update: added (1979) Pink Floyd - The Wall/24 - Stop.mp3
May 04 18:55 : update: added (1979) Pink Floyd - The Wall/09 - Young Lust.mp3
May 04 18:55 : update: added (1979) Pink Floyd - The Wall/20 - The Show Must Go On.mp3
May 04 18:55 : update: added (1979) Pink Floyd - The Wall/14 - Hey You.mp3
May 04 18:55 : update: added (1979) Pink Floyd - The Wall/05 - Another Brick in the Wall, Part 2.mp3
May 04 18:55 : update: added (1979) Pink Floyd - The Wall/04 - The Happiest Days of Our Lives.mp3
May 04 18:55 : update: added (1979) Pink Floyd - The Wall/22 - Run Like Hell.mp3
May 04 18:55 : update: added (1979) Pink Floyd - The Wall/02 - The Thin Ice.mp3
May 04 18:55 : update: added (1994) Pink Floyd - The Division Bell/05 - A Great Day for Freedom.mp3
May 04 18:55 : update: added (1994) Pink Floyd - The Division Bell/02 - What Do You Want From Me.mp3
May 04 18:55 : update: added (1994) Pink Floyd - The Division Bell/06 - Wearing the Inside Out.mp3
May 04 18:55 : update: added (1994) Pink Floyd - The Division Bell/03 - Poles Apart.mp3
May 04 18:55 : update: added (1994) Pink Floyd - The Division Bell/01 - Cluster One.mp3
May 04 18:55 : update: added (1994) Pink Floyd - The Division Bell/04 - Marooned.mp3
May 04 18:55 : update: added (1994) Pink Floyd - The Division Bell/08 - Coming Back to Life.mp3
May 04 18:55 : update: added (1994) Pink Floyd - The Division Bell/11 - High Hopes.mp3
May 04 18:55 : update: added (1994) Pink Floyd - The Division Bell/09 - Keep Talking.mp3
May 04 18:55 : update: added (1994) Pink Floyd - The Division Bell/07 - Take It Back.mp3
May 04 18:55 : update: added (1994) Pink Floyd - The Division Bell/10 - Lost for Words.mp3
May 04 18:55 : update: added (1970) Pink Floyd - The Early Years_ 1970_ Devi_ation/16 - Love Scene, Version 1 (Zabriskie Point remix).mp3
May 04 18:55 : update: added (1970) Pink Floyd - The Early Years_ 1970_ Devi_ation/18 - Take Off, Version 2 (Zabriskie Point remix).mp3
May 04 18:55 : update: added (1970) Pink Floyd - The Early Years_ 1970_ Devi_ation/23 - Crumbling Land (take 1) (Zabriskie Point).mp3
May 04 18:55 : update: added (1970) Pink Floyd - The Early Years_ 1970_ Devi_ation/17 - Take Off (Zabriskie Point remix).mp3
May 04 18:55 : update: added (1970) Pink Floyd - The Early Years_ 1970_ Devi_ation/05 - Careful With That Axe, Eugene (live, BBC Radio session, 16 July 1970).mp3
May 04 18:55 : update: added (1970) Pink Floyd - The Early Years_ 1970_ Devi_ation/21 - Unknown Song (take 1) (Zabriskie Point).mp3
May 04 18:55 : update: added (1970) Pink Floyd - The Early Years_ 1970_ Devi_ation/06 - If (live, BBC Radio session, 16 July 1970).mp3
May 04 18:55 : update: added (1970) Pink Floyd - The Early Years_ 1970_ Devi_ation/07 - Atom Heart Mother (live, BBC Radio session, 16 July 1970).mp3
May 04 18:55 : update: added (1970) Pink Floyd - The Early Years_ 1970_ Devi_ation/09 - Auto Scene, Version 2 (Zabriskie Point remix).mp3
May 04 18:55 : update: added (1970) Pink Floyd - The Early Years_ 1970_ Devi_ation/14 - Looking at Map (Zabriskie Point remix).mp3
May 04 18:55 : update: added (1970) Pink Floyd - The Early Years_ 1970_ Devi_ation/01 - Atom Heart Mother (live in Montreux, 21 November 1970).mp3
May 04 18:55 : update: added (1970) Pink Floyd - The Early Years_ 1970_ Devi_ation/24 - Atom Heart Mother (early studio version).mp3
May 04 18:55 : update: added (1970) Pink Floyd - The Early Years_ 1970_ Devi_ation/03 - Fat Old Sun (live, BBC Radio session, 16 July 1970).mp3
May 04 18:55 : update: added (1970) Pink Floyd - The Early Years_ 1970_ Devi_ation/15 - Love Scene, Version 7 (Zabriskie Point remix).mp3
May 04 18:55 : update: added (1970) Pink Floyd - The Early Years_ 1970_ Devi_ation/19 - Love Scene, Version 2 (Zabriskie Point remix).mp3
May 04 18:55 : update: added (1970) Pink Floyd - The Early Years_ 1970_ Devi_ation/11 - Aeroplane (Zabriskie Point remix).mp3
May 04 18:55 : update: added (1970) Pink Floyd - The Early Years_ 1970_ Devi_ation/22 - Love Scene (take 2) (Zabriskie Point).mp3
May 04 18:55 : update: added (1970) Pink Floyd - The Early Years_ 1970_ Devi_ation/02 - Embryo (live, BBC Radio session, 16 July 1970).mp3
May 04 18:55 : update: added (1970) Pink Floyd - The Early Years_ 1970_ Devi_ation/10 - Auto Scene, Version 3 (Zabriskie Point remix).mp3
May 04 18:55 : update: added (1970) Pink Floyd - The Early Years_ 1970_ Devi_ation/12 - Explosion (Zabriskie Point remix).mp3
May 04 18:55 : update: added (1970) Pink Floyd - The Early Years_ 1970_ Devi_ation/13 - The Riot Scene (Zabriskie Point remix).mp3
May 04 18:55 : update: added (1970) Pink Floyd - The Early Years_ 1970_ Devi_ation/04 - Green Is the Colour (live, BBC Radio session, 16 July 1970).mp3
May 04 18:55 : update: added (1970) Pink Floyd - The Early Years_ 1970_ Devi_ation/08 - On the Highway (Zabriskie Point remix).mp3
May 04 18:55 : update: added (1970) Pink Floyd - The Early Years_ 1970_ Devi_ation/20 - Love Scene (take 1) (Zabriskie Point).mp3
May 04 18:55 : update: added (1972) Pink Floyd - Obscured by Clouds/07 - Childhood’s End.mp3
May 04 18:55 : update: added (1972) Pink Floyd - Obscured by Clouds/09 - Stay.mp3
May 04 18:55 : update: added (1972) Pink Floyd - Obscured by Clouds/01 - Obscured by Clouds.mp3
May 04 18:55 : update: added (1972) Pink Floyd - Obscured by Clouds/02 - When You’re In.mp3
May 04 18:55 : update: added (1972) Pink Floyd - Obscured by Clouds/10 - Absolutely Curtains.mp3
May 04 18:55 : update: added (1972) Pink Floyd - Obscured by Clouds/03 - Burning Bridges.mp3
May 04 18:55 : update: added (1972) Pink Floyd - Obscured by Clouds/08 - Free Four.mp3
May 04 18:55 : update: added (1972) Pink Floyd - Obscured by Clouds/05 - Wot’s… Uh the Deal.mp3
May 04 18:55 : update: added (1972) Pink Floyd - Obscured by Clouds/04 - The Gold It’s in The….mp3
May 04 18:55 : update: added (1972) Pink Floyd - Obscured by Clouds/06 - Mudmen.mp3
May 04 18:55 : update: added (1969) Pink Floyd - Ummagumma/16 - The Grand Vizier’s Garden Party, Pt. 3 (Exit).mp3
May 04 18:55 : update: added (1969) Pink Floyd - Ummagumma/02 - Careful With That Axe, Eugene (live).mp3
May 04 18:55 : update: added (1969) Pink Floyd - Ummagumma/08 - Sysyphus, Pt. 4.mp3
May 04 18:55 : update: added (1969) Pink Floyd - Ummagumma/13 - The Narrow Way, Pt. 3.mp3
May 04 18:55 : update: added (1969) Pink Floyd - Ummagumma/10 - Several Species of Small Furry Animals Gathered Together in a Cave and Grooving With a Pict.mp3
May 04 18:55 : update: added (1969) Pink Floyd - Ummagumma/05 - Sysyphus, Pt. 1.mp3
May 04 18:55 : update: added (1969) Pink Floyd - Ummagumma/14 - The Grand Vizier’s Garden Party, Pt. 1 (Entrance).mp3
May 04 18:55 : update: added (1969) Pink Floyd - Ummagumma/15 - The Grand Vizier’s Garden Party, Pt. 2 (Entertainment).mp3
May 04 18:55 : update: added (1969) Pink Floyd - Ummagumma/11 - The Narrow Way, Pt. 1.mp3
May 04 18:55 : update: added (1969) Pink Floyd - Ummagumma/04 - A Saucerful of Secrets (live).mp3
May 04 18:55 : update: added (1969) Pink Floyd - Ummagumma/01 - Astronomy Domine (live).mp3
May 04 18:55 : update: added (1969) Pink Floyd - Ummagumma/12 - The Narrow Way, Pt. 2.mp3
May 04 18:55 : update: added (1969) Pink Floyd - Ummagumma/09 - Grantchester Meadows.mp3
May 04 18:55 : update: added (1969) Pink Floyd - Ummagumma/07 - Sysyphus, Pt. 3.mp3
May 04 18:55 : update: added (1969) Pink Floyd - Ummagumma/06 - Sysyphus, Pt. 2.mp3
May 04 18:55 : update: added (1969) Pink Floyd - Ummagumma/03 - Set the Controls for the Heart of the Sun (live).mp3
May 04 18:55 : update: added (1968) Pink Floyd - A Saucerful of Secrets/07 - Jugband Blues.mp3
May 04 18:55 : update: added (1968) Pink Floyd - A Saucerful of Secrets/03 - Set the Controls for the Heart of the Sun.mp3
May 04 18:55 : update: added (1968) Pink Floyd - A Saucerful of Secrets/01 - Let There Be More Light.mp3
May 04 18:55 : update: added (1968) Pink Floyd - A Saucerful of Secrets/02 - Remember a Day.mp3
May 04 18:55 : update: added (1968) Pink Floyd - A Saucerful of Secrets/04 - Corporal Clegg.mp3
May 04 18:55 : update: added (1968) Pink Floyd - A Saucerful of Secrets/06 - See‐Saw.mp3
May 04 18:55 : update: added (1968) Pink Floyd - A Saucerful of Secrets/05 - A Saucerful of Secrets.mp3
May 04 18:55 : update: added (1969) Pink Floyd - More/03 - Crying Song.mp3
May 04 18:55 : update: added (1969) Pink Floyd - More/13 - Dramatic Theme.mp3
May 04 18:55 : update: added (1969) Pink Floyd - More/07 - Party Sequence.mp3
May 04 18:55 : update: added (1969) Pink Floyd - More/08 - Main Theme.mp3
May 04 18:55 : update: added (1969) Pink Floyd - More/05 - Green Is the Colour.mp3
May 04 18:55 : update: added (1969) Pink Floyd - More/09 - Ibiza Bar.mp3
May 04 18:55 : update: added (1969) Pink Floyd - More/11 - Quicksilver.mp3
May 04 18:55 : update: added (1969) Pink Floyd - More/02 - The Nile Song.mp3
May 04 18:55 : update: added (1969) Pink Floyd - More/12 - A Spanish Piece.mp3
May 04 18:55 : update: added (1969) Pink Floyd - More/10 - More Blues.mp3
May 04 18:55 : update: added (1969) Pink Floyd - More/06 - Cymbaline.mp3
May 04 18:55 : update: added (1969) Pink Floyd - More/04 - Up the Khyber.mp3
May 04 18:55 : update: added (1969) Pink Floyd - More/01 - Cirrus Minor.mp3
May 04 18:55 : update: added (1997) Led Zeppelin - The Complete BBC Sessions/06 - What Is and What Should Never Be.mp3
May 04 18:55 : update: added (1997) Led Zeppelin - The Complete BBC Sessions/28 - White Summer.mp3
May 04 18:55 : update: added (1997) Led Zeppelin - The Complete BBC Sessions/29 - What Is and What Should Never Be.mp3
May 04 18:55 : update: added (1997) Led Zeppelin - The Complete BBC Sessions/09 - Whole Lotta Love.mp3
May 04 18:55 : update: added (1997) Led Zeppelin - The Complete BBC Sessions/16 - Heartbreaker.mp3
May 04 18:55 : update: added (1997) Led Zeppelin - The Complete BBC Sessions/11 - Communication Breakdown.mp3
May 04 18:55 : update: added (1997) Led Zeppelin - The Complete BBC Sessions/05 - The Girl I Love She Got Long Black Wavy Hair.mp3
May 04 18:55 : update: added (1997) Led Zeppelin - The Complete BBC Sessions/31 - I Can’t Quit You Baby.mp3
May 04 18:55 : update: added (1997) Led Zeppelin - The Complete BBC Sessions/13 - You Shook Me.mp3
May 04 18:55 : update: added (1997) Led Zeppelin - The Complete BBC Sessions/21 - Going to California.mp3
May 04 18:55 : update: added (1997) Led Zeppelin - The Complete BBC Sessions/17 - Since I’ve Been Loving You.mp3
May 04 18:55 : update: added (1997) Led Zeppelin - The Complete BBC Sessions/07 - Communication Breakdown.mp3
May 04 18:55 : update: added (1997) Led Zeppelin - The Complete BBC Sessions/01 - You Shook Me.mp3
May 04 18:55 : update: added (1997) Led Zeppelin - The Complete BBC Sessions/04 - Dazed and Confused.mp3
May 04 18:55 : update: added (1997) Led Zeppelin - The Complete BBC Sessions/14 - How Many More Times.mp3
May 04 18:55 : update: added (1997) Led Zeppelin - The Complete BBC Sessions/32 - You Shook Me.mp3
May 04 18:55 : update: added (1997) Led Zeppelin - The Complete BBC Sessions/23 - Whole Lotta Love (medley).mp3
May 04 18:55 : update: added (1997) Led Zeppelin - The Complete BBC Sessions/19 - Dazed and Confused.mp3
May 04 18:55 : update: added (1997) Led Zeppelin - The Complete BBC Sessions/25 - Communication Breakdown.mp3
May 04 18:55 : update: added (1997) Led Zeppelin - The Complete BBC Sessions/20 - Stairway to Heaven.mp3
May 04 18:55 : update: added (1997) Led Zeppelin - The Complete BBC Sessions/08 - Travelling Riverside Blues.mp3
May 04 18:55 : update: added (1997) Led Zeppelin - The Complete BBC Sessions/30 - Communication Breakdown.mp3
May 04 18:55 : update: added (1997) Led Zeppelin - The Complete BBC Sessions/10 - Somethin’ Else.mp3
May 04 18:55 : update: added (1997) Led Zeppelin - The Complete BBC Sessions/26 - What Is and What Should Never Be.mp3
May 04 18:55 : update: added (1997) Led Zeppelin - The Complete BBC Sessions/24 - Thank You.mp3
May 04 18:55 : update: added (1997) Led Zeppelin - The Complete BBC Sessions/02 - I Can’t Quit You Baby.mp3
May 04 18:55 : update: added (1997) Led Zeppelin - The Complete BBC Sessions/22 - That’s the Way.mp3
May 04 18:55 : update: added (1997) Led Zeppelin - The Complete BBC Sessions/18 - Black Dog.mp3
May 04 18:55 : update: added (1997) Led Zeppelin - The Complete BBC Sessions/15 - Immigrant Song.mp3
May 04 18:55 : update: added (1997) Led Zeppelin - The Complete BBC Sessions/12 - I Can’t Quit You Baby.mp3
May 04 18:55 : update: added (1997) Led Zeppelin - The Complete BBC Sessions/03 - Communication Breakdown.mp3
May 04 18:55 : update: added (1997) Led Zeppelin - The Complete BBC Sessions/33 - Sunshine Woman.mp3
May 04 18:55 : update: added (1997) Led Zeppelin - The Complete BBC Sessions/27 - Dazed and Confused.mp3
May 04 18:55 : update: added (1977) Pink Floyd - Animals/05 - Pigs on the Wing, Part Two.mp3
May 04 18:55 : update: added (1977) Pink Floyd - Animals/04 - Sheep.mp3
May 04 18:55 : update: added (1977) Pink Floyd - Animals/03 - Pigs (Three Different Ones).mp3
May 04 18:55 : update: added (1977) Pink Floyd - Animals/02 - Dogs.mp3
May 04 18:55 : update: added (1977) Pink Floyd - Animals/01 - Pigs on the Wing, Part One.mp3
May 04 18:55 : update: added (1987) Pink Floyd - A Momentary Lapse of Reason/06 - Yet Another Movie.mp3
May 04 18:55 : update: added (1987) Pink Floyd - A Momentary Lapse of Reason/09 - Terminal Frost.mp3
May 04 18:55 : update: added (1987) Pink Floyd - A Momentary Lapse of Reason/07 - Round and Around.mp3
May 04 18:55 : update: added (1987) Pink Floyd - A Momentary Lapse of Reason/08 - A New Machine, Pt. 1.mp3
May 04 18:55 : update: added (1987) Pink Floyd - A Momentary Lapse of Reason/01 - Signs of Life.mp3
May 04 18:55 : update: added (1987) Pink Floyd - A Momentary Lapse of Reason/02 - Learning to Fly.mp3
May 04 18:55 : update: added (1987) Pink Floyd - A Momentary Lapse of Reason/03 - The Dogs of War.mp3
May 04 18:55 : update: added (1987) Pink Floyd - A Momentary Lapse of Reason/04 - One Slip.mp3
May 04 18:55 : update: added (1987) Pink Floyd - A Momentary Lapse of Reason/05 - On the Turning Away.mp3
May 04 18:55 : update: added (1987) Pink Floyd - A Momentary Lapse of Reason/10 - A New Machine, Pt. 2.mp3
May 04 18:55 : update: added (1987) Pink Floyd - A Momentary Lapse of Reason/11 - Sorrow.mp3
May 04 18:55 : update: added (1973) Pink Floyd - The Dark Side of the Moon/10 - Eclipse.mp3
May 04 18:55 : update: added (1973) Pink Floyd - The Dark Side of the Moon/08 - Any Colour You Like.mp3
May 04 18:55 : update: added (1973) Pink Floyd - The Dark Side of the Moon/04 - Time.mp3
May 04 18:55 : update: added (1973) Pink Floyd - The Dark Side of the Moon/02 - Breathe (in the Air).mp3
May 04 18:55 : update: added (1973) Pink Floyd - The Dark Side of the Moon/05 - The Great Gig in the Sky.mp3
May 04 18:55 : update: added (1973) Pink Floyd - The Dark Side of the Moon/07 - Us and Them.mp3
May 04 18:55 : update: added (1973) Pink Floyd - The Dark Side of the Moon/09 - Brain Damage.mp3
May 04 18:55 : update: added (1973) Pink Floyd - The Dark Side of the Moon/06 - Money.mp3
May 04 18:55 : update: added (1973) Pink Floyd - The Dark Side of the Moon/01 - Speak to Me.mp3
May 04 18:55 : update: added (1973) Pink Floyd - The Dark Side of the Moon/03 - On the Run.mp3
May 04 18:55 : update: added (2014) Pink Floyd - The Endless River/01 - Side 1, Pt. 1_ Things Left Unsaid.mp3
May 04 18:55 : update: added (2014) Pink Floyd - The Endless River/03 - Side 1, Pt. 3_ Ebb and Flow.mp3
May 04 18:55 : update: added (2014) Pink Floyd - The Endless River/02 - Side 1, Pt. 2_ It’s What We Do.mp3
May 04 18:55 : update: added (2014) Pink Floyd - The Endless River/06 - Side 2, Pt. 3_ Unsung.mp3
May 04 18:55 : update: added (2014) Pink Floyd - The Endless River/11 - Side 3, Pt. 4_ Allons‐y (1).mp3
May 04 18:55 : update: added (2014) Pink Floyd - The Endless River/09 - Side 3, Pt. 2_ On Noodle Street.mp3
May 04 18:55 : update: added (2014) Pink Floyd - The Endless River/16 - Side 4, Pt. 2_ Eyes to Pearls.mp3
May 04 18:55 : update: added (2014) Pink Floyd - The Endless River/18 - Side 4, Pt. 4_ Louder Than Words.mp3
May 04 18:55 : update: added (2014) Pink Floyd - The Endless River/20 - TBS14.mp3
May 04 18:55 : update: added (2014) Pink Floyd - The Endless River/21 - Nervana.mp3
May 04 18:55 : update: added (2014) Pink Floyd - The Endless River/12 - Side 3, Pt. 5_ Autumn ’68.mp3
May 04 18:55 : update: added (2014) Pink Floyd - The Endless River/14 - Side 3, Pt. 7_ Talkin’ Hawkin’.mp3
May 04 18:55 : update: added (2014) Pink Floyd - The Endless River/19 - TBS9.mp3
May 04 18:55 : update: added (2014) Pink Floyd - The Endless River/10 - Side 3, Pt. 3_ Night Light.mp3
May 04 18:55 : update: added (2014) Pink Floyd - The Endless River/05 - Side 2, Pt. 2_ Skins.mp3
May 04 18:55 : update: added (2014) Pink Floyd - The Endless River/07 - Side 2, Pt. 4_ Anisina.mp3
May 04 18:55 : update: added (2014) Pink Floyd - The Endless River/15 - Side 4, Pt. 1_ Calling.mp3
May 04 18:55 : update: added (2014) Pink Floyd - The Endless River/04 - Side 2, Pt. 1_ Sum.mp3
May 04 18:55 : update: added (2014) Pink Floyd - The Endless River/13 - Side 3, Pt. 6_ Allons‐y (2).mp3
May 04 18:55 : update: added (2014) Pink Floyd - The Endless River/08 - Side 3, Pt. 1_ The Lost Art of Conversation.mp3
May 04 18:55 : update: added (2014) Pink Floyd - The Endless River/17 - Side 4, Pt. 3_ Surfacing.mp3
May 04 18:55 : update: added (1967) Pink Floyd - The Piper at the Gates of Dawn/05 - Pow R. Toc H_.mp3
May 04 18:55 : update: added (1967) Pink Floyd - The Piper at the Gates of Dawn/03 - Matilda Mother.mp3
May 04 18:55 : update: added (1967) Pink Floyd - The Piper at the Gates of Dawn/04 - Flaming.mp3
May 04 18:55 : update: added (1967) Pink Floyd - The Piper at the Gates of Dawn/01 - Astronomy Domine.mp3
May 04 18:55 : update: added (1967) Pink Floyd - The Piper at the Gates of Dawn/10 - Scarecrow.mp3
May 04 18:55 : update: added (1967) Pink Floyd - The Piper at the Gates of Dawn/08 - The Gnome.mp3
May 04 18:55 : update: added (1967) Pink Floyd - The Piper at the Gates of Dawn/06 - Take Up Thy Stethoscope and Walk.mp3
May 04 18:55 : update: added (1967) Pink Floyd - The Piper at the Gates of Dawn/02 - Lucifer Sam.mp3
May 04 18:55 : update: added (1967) Pink Floyd - The Piper at the Gates of Dawn/11 - Bike.mp3
May 04 18:55 : update: added (1967) Pink Floyd - The Piper at the Gates of Dawn/07 - Interstellar Overdrive.mp3
May 04 18:55 : update: added (1967) Pink Floyd - The Piper at the Gates of Dawn/09 - Chapter 24.mp3
May 04 18:55 : update: added (1971) Pink Floyd - Meddle/03 - Fearless.mp3
May 04 18:55 : update: added (1971) Pink Floyd - Meddle/04 - San Tropez.mp3
May 04 18:55 : update: added (1971) Pink Floyd - Meddle/06 - Echoes.mp3
May 04 18:55 : update: added (1971) Pink Floyd - Meddle/05 - Seamus.mp3
May 04 18:55 : update: added (1971) Pink Floyd - Meddle/02 - A Pillow of Winds.mp3
May 04 18:55 : update: added (1971) Pink Floyd - Meddle/01 - One of These Days.mp3
May 04 18:55 : update: added (1975) Pink Floyd - Wish You Were Here/03 - Have a Cigar.mp3
May 04 18:55 : update: added (1975) Pink Floyd - Wish You Were Here/04 - Wish You Were Here.mp3
May 04 18:55 : update: added (1975) Pink Floyd - Wish You Were Here/01 - Shine On You Crazy Diamond, Parts I–V.mp3
May 04 18:55 : update: added (1975) Pink Floyd - Wish You Were Here/05 - Shine On You Crazy Diamond, Parts VI–IX.mp3
May 04 18:55 : update: added (1975) Pink Floyd - Wish You Were Here/02 - Welcome to the Machine.mp3
May 04 18:59 : player: played "(1967) Pink Floyd - The Piper at the Gates of Dawn/02 - Lucifer Sam.mp3"
May 04 19:03 : player: played "(1967) Pink Floyd - The Piper at the Gates of Dawn/02 - Lucifer Sam.mp3"
May 04 19:19 : player: played "(1967) Pink Floyd - The Piper at the Gates of Dawn/02 - Lucifer Sam.mp3"
May 10 16:03 : player: played "(1969) Pink Floyd - Ummagumma/01 - Astronomy Domine (live).mp3"
May 22 10:55 : player: played "(1967) Pink Floyd - The Piper at the Gates of Dawn/02 - Lucifer Sam.mp3"
May 29 20:32 : update: added AIC/Alice In Chains/Albums/1992 - Dirt (Bonus CD, Special limited edition)/Bonus CD/01. Down in a Hole (radio edit).mp3
May 29 20:32 : update: added AIC/Alice In Chains/Albums/1992 - Dirt (Bonus CD, Special limited edition)/Bonus CD/02. Down in a Hole (LP version).mp3
May 29 20:32 : update: added AIC/Alice In Chains/Albums/1992 - Dirt (Bonus CD, Special limited edition)/Bonus CD/03. What the Hell Have I.mp3
May 29 20:32 : update: added AIC/Alice In Chains/Albums/1992 - Dirt (Bonus CD, Special limited edition)/Bonus CD/04. Rooster.mp3
May 29 20:32 : update: added AIC/Alice In Chains/Albums/1995 - Alice In Chains (Japanese Edition) (Remastered 2001)/13. Again (Tatoo Of Pain Mix).mp3
May 29 20:32 : update: added AIC/Alice In Chains/Albums/1995 - Alice In Chains (Japanese Edition) (Remastered 2001)/14. Again (Jungle Mix).mp3
May 29 20:32 : update: added AIC/Alice In Chains/Albums/2018 - Ranier Fog (Deluxe 2CD)/CD2/07 Sweet Home Alabama (tease).mp3
May 29 20:32 : update: added AIC/Alice In Chains/Albums/2018 - Ranier Fog (Deluxe 2CD)/CD2/09 [Guitar Jam Clip].mp3
May 29 20:32 : update: added AIC/Alice In Chains/Bootlegs/1987-05-01 - Tacoma Little Theatre/01 - Intro.mp3
May 29 20:32 : update: added AIC/Alice In Chains/Bootlegs/1987-05-01 - Tacoma Little Theatre/02 - Hey, Hey Everybody (Ya Yeah Ya).mp3
May 29 20:32 : update: added AIC/Alice In Chains/Bootlegs/1987-05-01 - Tacoma Little Theatre/03 - Fat Girls.mp3
May 29 20:32 : update: added AIC/Alice In Chains/Bootlegs/1987-05-01 - Tacoma Little Theatre/04 - Don't Be Satisfied.mp3
May 29 20:32 : update: added AIC/Alice In Chains/Bootlegs/1987-05-01 - Tacoma Little Theatre/05 - Sealed With A Kiss.mp3
May 29 20:32 : update: added AIC/Alice In Chains/Bootlegs/1987-05-01 - Tacoma Little Theatre/06 - Lip Lock Rock.mp3
May 29 20:32 : update: added AIC/Alice In Chains/Bootlegs/1987-05-01 - Tacoma Little Theatre/07 - Queen of The Rodeo.mp3
May 29 20:32 : update: added AIC/Alice In Chains/Bootlegs/1987-05-01 - Tacoma Little Theatre/08 - Hush Hush.mp3
May 29 20:32 : update: added AIC/Alice In Chains/Bootlegs/1987-05-01 - Tacoma Little Theatre/09 - Glamourous Girls.mp3
May 29 20:32 : update: added AIC/Alice In Chains/Bootlegs/1987-05-01 - Tacoma Little Theatre/10 - Don't Be Satisfied (reprise).mp3
May 29 20:32 : update: added AIC/Alice In Chains/Bootlegs/1989 - Is Layne Still In Rehab/01 - What The Hell Have I.mp3
May 29 20:32 : update: added AIC/Alice In Chains/Bootlegs/1989 - Is Layne Still In Rehab/02 - A Little Bitter.mp3
May 29 20:32 : update: added AIC/Alice In Chains/Bootlegs/1989 - Is Layne Still In Rehab/03 - Killing Yourself.mp3
May 29 20:32 : update: added AIC/Alice In Chains/Bootlegs/1989 - Is Layne Still In Rehab/04 - Suffragette City.mp3
May 29 20:32 : update: added AIC/Alice In Chains/Bootlegs/1989 - Is Layne Still In Rehab/05 - Social Parasite.mp3
May 29 20:32 : update: added AIC/Alice In Chains/Bootlegs/1989 - Is Layne Still In Rehab/06 - Chemical Addiction.mp3
May 29 20:32 : update: added AIC/Alice In Chains/Bootlegs/1989 - Is Layne Still In Rehab/07 - King Of The Kats.mp3
May 29 20:32 : update: added AIC/Alice In Chains/Bootlegs/1989 - Is Layne Still In Rehab/08 - Killing Yourself.mp3
May 29 20:32 : update: added AIC/Alice In Chains/Bootlegs/1989 - Is Layne Still In Rehab/09 - Queen Of The Rodeo.mp3
May 29 20:32 : update: added AIC/Alice In Chains/Bootlegs/1989 - Is Layne Still In Rehab/10 - Heaven N' Hell.mp3
May 29 20:32 : update: added AIC/Alice In Chains/Bootlegs/1989 - Is Layne Still In Rehab/11 - Fairytale Love Story.mp3
May 29 20:32 : update: added AIC/Alice In Chains/Bootlegs/1989 - Is Layne Still In Rehab/12 - I Can't Have You Blues.mp3
May 29 20:32 : update: added AIC/Alice In Chains/Bootlegs/1989 - Is Layne Still In Rehab/13 - Lip Lock Rock.mp3
May 29 20:32 : update: added AIC/Alice In Chains/Bootlegs/1989 - Is Layne Still In Rehab/14 - Fat Girls.mp3
May 29 20:32 : update: added AIC/Alice In Chains/Bootlegs/1989 - Is Layne Still In Rehab/15 - Over The Edge.mp3
May 29 20:32 : update: added AIC/Alice In Chains/Bootlegs/1989 - Is Layne Still In Rehab/16 - Sealed With A Kiss.mp3
May 29 20:32 : update: added AIC/Alice In Chains/Bootlegs/1989 - Is Layne Still In Rehab/17 - Ya Yeah Ya.mp3
May 29 20:32 : update: added AIC/Alice In Chains/Bootlegs/1989 - Is Layne Still In Rehab/18 - Glamerous Girls.mp3
May 29 20:32 : update: added AIC/Alice In Chains/Bootlegs/1989 - Is Layne Still In Rehab/19 - Don't Be Satisfied.mp3
May 29 20:32 : update: added AIC/Alice In Chains/Bootlegs/1989 - Is Layne Still In Rehab/20 - Hush, Hush.mp3
May 29 20:32 : update: added AIC/Alice In Chains/Bootlegs/1989 - Is Layne Still In Rehab/21 - Football.mp3
May 29 20:32 : update: added AIC/Alice In Chains/Bootlegs/1989 - Sweet Alice/01. Suffragette City (demo).mp3
May 29 20:32 : update: added AIC/Alice In Chains/Bootlegs/1989 - Sweet Alice/02. Bleed The Freak (demo).mp3
May 29 20:32 : update: added AIC/Alice In Chains/Bootlegs/1989 - Sweet Alice/03. Social Parasite (demo).mp3
May 29 20:32 : update: added AIC/Alice In Chains/Bootlegs/1989 - Sweet Alice/04. We Die Young (demo).mp3
May 29 20:32 : update: added AIC/Alice In Chains/Bootlegs/1989 - Sweet Alice/05. Chemical Addiction (demo).mp3
May 29 20:32 : update: added AIC/Alice In Chains/Bootlegs/1989 - Sweet Alice/06. Sunshine (demo).mp3
May 29 20:32 : update: added AIC/Alice In Chains/Bootlegs/1989 - Sweet Alice/07. King Of The Kats (demo).mp3
May 29 20:32 : update: added AIC/Alice In Chains/Bootlegs/1989 - Sweet Alice/08. The Real Thing (demo).mp3
May 29 20:32 : update: added AIC/Alice In Chains/Bootlegs/1989 - Sweet Alice/09. Killing Yourself (demo).mp3
May 29 20:32 : update: added AIC/Alice In Chains/Bootlegs/1989 - Sweet Alice/10. Sea Of Sorrow (demo).mp3
May 29 20:32 : update: added AIC/Alice In Chains/Bootlegs/1990 - Seattle, WA, 1990-09-02/05. Confusion.mp3
May 29 20:32 : update: added AIC/Alice In Chains/Bootlegs/1992 - Motorized/05. Confusion.mp3
[src/libmpg123/parse.c:skip_junk():1276] error: Giving up searching valid MPEG header after 65536 bytes of junk.
May 29 20:32 : mpg123: mpg123_getformat() failed: A generic mpg123 error.
May 29 20:32 : ffmpeg/mp3: Format mp3 detected only with low score of 1, misdetection possible!
May 29 20:32 : ffmpeg/mjpeg: EOI missing, emulating
May 29 20:32 : ffmpeg/mp3: Stream #1: not enough frames to estimate rate; consider increasing probesize
May 29 20:32 : ffmpeg/mp3: Could not find codec parameters for stream 0 (Audio: mp3 (mp3float), 0 channels, fltp): unspecified frame size
Consider increasing the value for the 'analyzeduration' (0) and 'probesize' (5000000) options
May 29 20:32 : update: added AIC/Alice In Chains/Bootlegs/1992 - Motorized/06. Real Thing.mp3
May 29 20:32 : update: added AIC/Alice In Chains/Bootlegs/1992 - We Die Young (Version 1)/03 - Sea Of Sorrow.mp3
May 29 20:32 : update: added AIC/Alice In Chains/Bootlegs/1992 - We Die Young (Version 1)/12 - Love Hate Love.mp3
May 29 20:32 : update: added AIC/Alice In Chains/Bootlegs/1992 - We Die Young (Version 1)/13 - Heartbreaker.mp3
May 29 20:32 : update: added AIC/Alice In Chains/Bootlegs/1992 - We Die Young (Version 1)/14 - Bleed The Freak.mp3
May 29 20:32 : update: added AIC/Alice In Chains/Bootlegs/1992-11-20 - 13 13 Club/01 - Dam That River.mp3
May 29 20:32 : update: added AIC/Alice In Chains/Bootlegs/1992-11-20 - 13 13 Club/05 - Love Hate Love.mp3
May 29 20:32 : update: added AIC/Alice In Chains/Bootlegs/1992-11-20 - 13 13 Club/12 - Dirt.mp3
May 29 20:32 : update: added AIC/Alice In Chains/Bootlegs/1992-11-20 - 13 13 Club/14 - Man In The Box.mp3
May 29 20:32 : update: added AIC/Alice In Chains/Bootlegs/1992-11-29 - Life In Chains/06 - Junkhead.mp3
May 29 20:32 : update: added AIC/Alice In Chains/Bootlegs/1992-12-20 - Live In Seattle/02 - Put You Down.mp3
May 29 20:32 : update: added AIC/Alice In Chains/Bootlegs/1992-12-20 - Live In Seattle/03 - It Ain't Like That.mp3
May 29 20:32 : update: added AIC/Alice In Chains/Bootlegs/1992-12-20 - Live In Seattle/04 - Love, Hate Love.mp3
May 29 20:32 : update: added AIC/Alice In Chains/Bootlegs/1992-12-20 - Live In Seattle/14 - (another tease).mp3
May 29 20:32 : update: added AIC/Alice In Chains/Bootlegs/1992-12-20 - Live In Seattle/15 - Hate To Feel.mp3
May 29 20:33 : update: added AIC/Alice In Chains/Bootlegs/1992-12-20 - Live In Seattle/17 - Rooster.mp3
May 29 20:33 : update: added AIC/Alice In Chains/Bootlegs/1992.12.20 - We Die Young (Seattle Center, Seattle, Washington) (Version 2)/04 - Love, Hate, Love.mp3
May 29 20:33 : update: added AIC/Alice In Chains/Bootlegs/1992.12.20 - We Die Young (Seattle Center, Seattle, Washington) (Version 2)/06 - Sickman.mp3
May 29 20:33 : update: added AIC/Alice In Chains/Bootlegs/1993 - Bad Dream (Barrowlands, 1993-03-02)/01. Dam That River.mp3
May 29 20:33 : update: added AIC/Alice In Chains/Bootlegs/1993 - Bad Dream (Barrowlands, 1993-03-02)/03. Them Bones.mp3
May 29 20:33 : update: added AIC/Alice In Chains/Bootlegs/1993 - Bad Dream (Barrowlands, 1993-03-02)/09. Sickman.mp3
May 29 20:33 : update: added AIC/Alice In Chains/Bootlegs/1993 - Live And Unchained/11. Would.mp3
May 29 20:33 : update: added AIC/Alice In Chains/Bootlegs/1993 - Live And Unchained/14. Bleed The Freak.mp3
May 29 20:33 : update: added AIC/Alice In Chains/Bootlegs/1993 - Live And Unchained/15. Man In The Box.mp3
May 29 20:33 : update: added AIC/Alice In Chains/Bootlegs/1993-01-08 - Live In Honolulu/01. Dam That River.mp3
May 29 20:33 : update: added AIC/Alice In Chains/Bootlegs/1993-01-08 - Live In Honolulu/02. We Die Young.mp3
May 29 20:33 : update: added AIC/Alice In Chains/Bootlegs/1993-01-08 - Live In Honolulu/06. Junkhead.mp3
May 29 20:33 : update: added AIC/Alice In Chains/Bootlegs/1993-01-08 - Live In Honolulu/07. God Smack.mp3
May 29 20:33 : update: added AIC/Alice In Chains/Bootlegs/1993-01-08 - Live In Honolulu/09. Put You Down.mp3
May 29 20:33 : update: added AIC/Alice In Chains/Bootlegs/1993-01-08 - Live In Honolulu/13. Hate To Feel.mp3
May 29 20:33 : update: added AIC/Alice In Chains/Bootlegs/1993-02-20 - Little Red Rooster/06 - Junkhead.mp3
May 29 20:33 : update: added AIC/Alice In Chains/Bootlegs/1993-02-20 - Little Red Rooster/10 - I Ain't Like That.mp3
May 29 20:33 : update: added AIC/Alice In Chains/Bootlegs/1993-10-04 - Live at Brixton Academy, London/01. Nutshell.mp3
May 29 20:33 : update: added AIC/Alice In Chains/Bootlegs/1993-10-04 - Live at Brixton Academy, London/10. Angry Chair.mp3
May 29 20:33 : update: added AIC/Alice In Chains/Bootlegs/1993-10-04 - Live at Brixton Academy, London/15. Them Bones.mp3
May 29 20:33 : update: added AIC/Alice In Chains/Bootlegs/1993-10-04 - Live at Brixton Academy, London/17. Would_.mp3
May 29 20:33 : update: added AIC/Alice In Chains/Bootlegs/1995 - Heroin/02. Bleed The Freak (1989 demo).mp3
May 29 20:33 : update: added AIC/Alice In Chains/Bootlegs/1995 - Heroin/03. Social Parasite (1989 demo).mp3
May 29 20:33 : update: added AIC/Alice In Chains/Bootlegs/1995 - Heroin/05. Chemical Addiction (1989 demo).mp3
May 29 20:33 : update: added AIC/Alice In Chains/Bootlegs/1995 - Heroin/06. Sunshine (1989 demo).mp3
May 29 20:33 : update: added AIC/Alice In Chains/Bootlegs/1995 - Heroin/07. King Of The Kats (1989 demo).mp3
May 29 20:33 : update: added AIC/Alice In Chains/Bootlegs/1996 - Working Class Heroes/12 - Time Of The Preacher.mp3
May 29 20:33 : update: added AIC/Alice In Chains/Bootlegs/1996-06-30 - Freedom Hall, Louisville, KY/08. Would_.mp3
May 29 20:33 : update: added AIC/Alice In Chains/Bootlegs/1996-06-30 - Freedom Hall, Louisville, KY/09. A Little Bitter.mp3
May 29 20:33 : update: added AIC/Alice In Chains/Bootlegs/1996-06-30 - Freedom Hall, Louisville, KY/10. Damn That River + Man In The Box.mp3
May 29 20:33 : update: added AIC/Alice In Chains/Bootlegs/1996-06-30 - Freedom Hall, Louisville, KY/11. Rooster [by Gov't Mule 4-20-02  Minneapolis, Mn (with a moment of silence for Layne)].mp3
May 29 20:33 : update: added AIC/Alice In Chains/Bootlegs/2005-02-18 - Tsunami Relief Benefit Show/01 - The Killer Is Me.mp3
May 29 20:33 : update: added AIC/Alice In Chains/Bootlegs/2005-02-18 - Tsunami Relief Benefit Show/02 - No Excuses.mp3
May 29 20:33 : update: added AIC/Alice In Chains/Singles, EP, Demo/1987 - Demo #2 (Demo)/01. Sealed With A Kiss.mp3
May 29 20:33 : update: added AIC/Alice In Chains/Singles, EP, Demo/1987 - Demo #2 (Demo)/02. Ya Yeah Ya.mp3
May 29 20:33 : update: added AIC/Alice In Chains/Singles, EP, Demo/1987 - Demo #2 (Demo)/03. Glamorous Girls.mp3
May 29 20:33 : update: added AIC/Alice In Chains/Singles, EP, Demo/1987 - Demo #2 (Demo)/04. Don't Be Satisfied.mp3
May 29 20:33 : update: added AIC/Alice In Chains/Singles, EP, Demo/1987 - Demo #2 (Demo)/05. Hush, Hush.mp3
May 29 20:33 : update: added AIC/Alice In Chains/Singles, EP, Demo/1987 - Demo #2 (Demo)/06. Football.mp3
May 29 20:33 : update: added AIC/Alice In Chains/Singles, EP, Demo/1992 - Tasty White Powder (Studio Soundboard Recordings) (Demo)/01. Distance  Aside Demo.mp3
May 29 20:33 : update: added AIC/Alice In Chains/Singles, EP, Demo/1992 - Tasty White Powder (Studio Soundboard Recordings) (Demo)/02. Foolish Demo.mp3
May 29 20:33 : update: added AIC/Alice In Chains/Singles, EP, Demo/1992 - Tasty White Powder (Studio Soundboard Recordings) (Demo)/03. Blue Demo.mp3
May 29 20:33 : update: added AIC/Alice In Chains/Singles, EP, Demo/1992 - Tasty White Powder (Studio Soundboard Recordings) (Demo)/04. We've Become Demo.mp3
May 29 20:33 : update: added AIC/Alice In Chains/Singles, EP, Demo/1992 - Tasty White Powder (Studio Soundboard Recordings) (Demo)/05. Look Demo.mp3
May 29 20:33 : update: added AIC/Alice In Chains/Singles, EP, Demo/1992 - Tasty White Powder (Studio Soundboard Recordings) (Demo)/06. Dirt Demo.mp3
May 29 20:33 : update: added AIC/Alice In Chains/Singles, EP, Demo/1992 - Tasty White Powder (Studio Soundboard Recordings) (Demo)/07. Junkhead Demo.mp3
May 29 20:33 : update: added AIC/Alice In Chains/Singles, EP, Demo/1992 - Tasty White Powder (Studio Soundboard Recordings) (Demo)/08. There's No Time Demo.mp3
May 29 20:33 : update: added AIC/Alice In Chains/Singles, EP, Demo/1992 - Tasty White Powder (Studio Soundboard Recordings) (Demo)/10. Would Demo.mp3
May 29 20:33 : update: added AIC/Alice In Chains/Singles, EP, Demo/1992 - Tasty White Powder (Studio Soundboard Recordings) (Demo)/12. Brother Demo.mp3
May 29 20:33 : update: added AIC/Alice In Chains/Singles, EP, Demo/1992 - Tasty White Powder (Studio Soundboard Recordings) (Demo)/13. Rooster Demo.mp3
May 29 20:33 : update: added AIC/Alice In Chains/Singles, EP, Demo/1992 - Tasty White Powder (Studio Soundboard Recordings) (Demo)/14. Bleed The Freak Demo.mp3
May 29 20:33 : update: added AIC/Alice In Chains/Singles, EP, Demo/1992 - Tasty White Powder (Studio Soundboard Recordings) (Demo)/15. We Die Young Demo.mp3
May 29 20:33 : update: added AIC/Alice In Chains/Singles, EP, Demo/1992 - Tasty White Powder (Studio Soundboard Recordings) (Demo)/16. Sunshine Demo.mp3
May 29 20:33 : update: added AIC/Alice In Chains/Singles, EP, Demo/1992 - Tasty White Powder (Studio Soundboard Recordings) (Demo)/17. The Real Thing Demo.mp3
May 29 20:33 : update: added AIC/Alice In Chains/Singles, EP, Demo/1993 - Chained To The Studio (160kbps)/01. I Can't Remember.mp3
May 29 20:33 : update: added AIC/Alice In Chains/Singles, EP, Demo/1993 - Chained To The Studio (160kbps)/02. Sea of Sorrow.mp3
May 29 20:33 : update: added AIC/Alice In Chains/Singles, EP, Demo/1993 - Chained To The Studio (160kbps)/03. Social Parasite .mp3
May 29 20:33 : update: added AIC/Alice In Chains/Singles, EP, Demo/1993 - Chained To The Studio (160kbps)/04. King of the Kats.mp3
May 29 20:33 : update: added AIC/Alice In Chains/Singles, EP, Demo/1993 - Chained To The Studio (160kbps)/05. Suffragette City.mp3
May 29 20:33 : update: added AIC/Alice In Chains/Singles, EP, Demo/1993 - Chained To The Studio (160kbps)/06. Queen of the Rodeo.mp3
May 29 20:33 : update: added AIC/Alice In Chains/Singles, EP, Demo/1993 - Chained To The Studio (160kbps)/07. Chemical Addiction.mp3
May 29 20:33 : update: added AIC/Alice In Chains/Singles, EP, Demo/1993 - Chained To The Studio (160kbps)/08. Killing YourselfAlice In Chains.mp3
May 29 20:33 : update: added AIC/Alice In Chains/Singles, EP, Demo/1993 - Chained To The Studio (160kbps)/09. Fairytale Love Story.mp3
May 29 20:33 : update: added AIC/Alice In Chains/Singles, EP, Demo/1993 - Chained To The Studio (160kbps)/10. Sunshine.mp3
May 29 20:33 : update: added AIC/Alice In Chains/Singles, EP, Demo/1993 - Chained To The Studio (160kbps)/11. We Die Young.mp3
May 29 20:33 : update: added AIC/Alice In Chains/Singles, EP, Demo/1993 - Chained To The Studio (160kbps)/12. I Can't Have You Blues.mp3
May 29 20:33 : update: added AIC/Alice In Chains/Singles, EP, Demo/1993 - Chained To The Studio (160kbps)/13. Lip Lock Rock.mp3
May 29 20:33 : update: added AIC/Alice In Chains/Singles, EP, Demo/1993 - Chained To The Studio (160kbps)/14. Fat Girls.mp3
May 29 20:33 : update: added AIC/Alice In Chains/Singles, EP, Demo/1993 - Chained To The Studio (160kbps)/15. Over The Edge.mp3
May 29 20:33 : update: added AIC/Alice In Chains/Singles, EP, Demo/1993 - Chained To The Studio (160kbps)/16. Sealed With A Kiss.mp3
May 29 20:33 : update: added AIC/Alice In Chains/Singles, EP, Demo/1993 - Chained To The Studio (160kbps)/17. Ya Yeah Ya.mp3
May 29 20:33 : update: added AIC/Alice In Chains/Singles, EP, Demo/1993 - Chained To The Studio (160kbps)/18. Glamorous Girls.mp3
May 29 20:33 : update: added AIC/Alice In Chains/Singles, EP, Demo/1993 - Chained To The Studio (160kbps)/19. Don't Be Satisfied.mp3
May 29 20:33 : update: added AIC/Alice In Chains/Singles, EP, Demo/1993 - Chained To The Studio (160kbps)/20. Hush Hush.mp3
May 29 20:33 : update: added AIC/Alice In Chains/Singles, EP, Demo/1993 - Chained To The Studio (160kbps)/21. Football.mp3
May 29 20:33 : player: played "(1967) Pink Floyd - The Piper at the Gates of Dawn/02 - Lucifer Sam.mp3"
May 29 20:35 : update: updating AIC/Alice In Chains/Bootlegs/1989 - Sweet Alice/09. Killing Yourself (demo).mp3
May 29 20:35 : update: updating AIC/Alice In Chains/Bootlegs/1989 - Sweet Alice/10. Sea Of Sorrow (demo).mp3
May 29 20:35 : update: added AIC/Alice In Chains/Bootlegs/1989 - Sweet Alice/11. I Can't Remember (demo).mp3
May 29 20:35 : update: added AIC/Alice In Chains/Bootlegs/1989 - Sweet Alice/12. Queen Of The Rodeo (demo).mp3
May 29 20:35 : update: added AIC/Alice In Chains/Bootlegs/1990 - Seattle, WA, 1990-09-02/01. It Ain't Like That.mp3
May 29 20:35 : update: added AIC/Alice In Chains/Bootlegs/1990 - Seattle, WA, 1990-09-02/02. Man In The Box.mp3
May 29 20:35 : update: added AIC/Alice In Chains/Bootlegs/1990 - Seattle, WA, 1990-09-02/03. Sea of Sorrow.mp3
May 29 20:35 : update: added AIC/Alice In Chains/Bootlegs/1990 - Seattle, WA, 1990-09-02/04. Put You Down.mp3
May 29 20:35 : update: updating AIC/Alice In Chains/Bootlegs/1990 - Seattle, WA, 1990-09-02/05. Confusion.mp3
May 29 20:35 : update: added AIC/Alice In Chains/Bootlegs/1990 - Seattle, WA, 1990-09-02/06. Real Thing.mp3
May 29 20:35 : update: added AIC/Alice In Chains/Bootlegs/1990 - Seattle, WA, 1990-09-02/07. I Can't Remember.mp3
May 29 20:35 : update: added AIC/Alice In Chains/Bootlegs/1990 - Seattle, WA, 1990-09-02/08. Bleed The Freak.mp3
May 29 20:35 : update: added AIC/Alice In Chains/Bootlegs/1990 - Seattle, WA, 1990-09-02/09. Love, Hate, Love.mp3
May 29 20:35 : player: played "AIC/Alice In Chains/Singles, EP, Demo/1993 - Chained To The Studio (160kbps)/01. I Can't Remember.mp3"
May 29 20:39 : player: played "AIC/Alice In Chains/Singles, EP, Demo/1993 - Chained To The Studio (160kbps)/01. I Can't Remember.mp3"
May 29 20:53 : player: played "AIC/Alice In Chains/Singles, EP, Demo/1993 - Chained To The Studio (160kbps)/02. Sea of Sorrow.mp3"
May 29 20:58 : player: played "AIC/Alice In Chains/Singles, EP, Demo/1993 - Chained To The Studio (160kbps)/03. Social Parasite .mp3"
May 29 21:01 : player: played "AIC/Alice In Chains/Singles, EP, Demo/1993 - Chained To The Studio (160kbps)/04. King of the Kats.mp3"
May 29 21:04 : player: played "AIC/Alice In Chains/Singles, EP, Demo/1993 - Chained To The Studio (160kbps)/05. Suffragette City.mp3"
May 29 21:08 : player: played "AIC/Alice In Chains/Singles, EP, Demo/1993 - Chained To The Studio (160kbps)/06. Queen of the Rodeo.mp3"
May 29 21:12 : player: played "AIC/Alice In Chains/Singles, EP, Demo/1993 - Chained To The Studio (160kbps)/07. Chemical Addiction.mp3"
May 29 21:15 : player: played "AIC/Alice In Chains/Singles, EP, Demo/1993 - Chained To The Studio (160kbps)/08. Killing YourselfAlice In Chains.mp3"
May 29 21:44 : player: played "AIC/Alice In Chains/Singles, EP, Demo/1993 - Chained To The Studio (160kbps)/09. Fairytale Love Story.mp3"
May 29 21:48 : player: played "AIC/Alice In Chains/Singles, EP, Demo/1993 - Chained To The Studio (160kbps)/10. Sunshine.mp3"
May 29 21:51 : player: played "AIC/Alice In Chains/Singles, EP, Demo/1993 - Chained To The Studio (160kbps)/11. We Die Young.mp3"
May 29 21:55 : player: played "AIC/Alice In Chains/Singles, EP, Demo/1993 - Chained To The Studio (160kbps)/12. I Can't Have You Blues.mp3"
May 29 21:59 : player: played "AIC/Alice In Chains/Singles, EP, Demo/1993 - Chained To The Studio (160kbps)/13. Lip Lock Rock.mp3"
May 29 22:03 : player: played "AIC/Alice In Chains/Singles, EP, Demo/1993 - Chained To The Studio (160kbps)/14. Fat Girls.mp3"
May 29 22:06 : player: played "AIC/Alice In Chains/Singles, EP, Demo/1993 - Chained To The Studio (160kbps)/15. Over The Edge.mp3"
May 29 22:09 : player: played "AIC/Alice In Chains/Singles, EP, Demo/1993 - Chained To The Studio (160kbps)/16. Sealed With A Kiss.mp3"
May 29 22:12 : player: played "AIC/Alice In Chains/Singles, EP, Demo/1993 - Chained To The Studio (160kbps)/17. Ya Yeah Ya.mp3"
May 29 22:15 : player: played "AIC/Alice In Chains/Singles, EP, Demo/1993 - Chained To The Studio (160kbps)/18. Glamorous Girls.mp3"
May 29 22:18 : player: played "AIC/Alice In Chains/Singles, EP, Demo/1993 - Chained To The Studio (160kbps)/19. Don't Be Satisfied.mp3"
May 29 22:53 : player: played "AIC/Alice In Chains/Singles, EP, Demo/1993 - Chained To The Studio (160kbps)/20. Hush Hush.mp3"
May 29 22:55 : player: played "AIC/Alice In Chains/Singles, EP, Demo/1993 - Chained To The Studio (160kbps)/21. Football.mp3"
May 29 22:58 : player: played "AIC/Alice In Chains/Bootlegs/1987-05-01 - Tacoma Little Theatre/01 - Intro.mp3"
May 29 23:01 : player: played "AIC/Alice In Chains/Bootlegs/1987-05-01 - Tacoma Little Theatre/02 - Hey, Hey Everybody (Ya Yeah Ya).mp3"
May 29 23:05 : player: played "AIC/Alice In Chains/Bootlegs/1987-05-01 - Tacoma Little Theatre/03 - Fat Girls.mp3"
May 29 23:09 : player: played "AIC/Alice In Chains/Bootlegs/1987-05-01 - Tacoma Little Theatre/04 - Don't Be Satisfied.mp3"
May 29 23:12 : player: played "AIC/Alice In Chains/Bootlegs/1987-05-01 - Tacoma Little Theatre/05 - Sealed With A Kiss.mp3"
May 29 23:18 : player: played "AIC/Alice In Chains/Bootlegs/1987-05-01 - Tacoma Little Theatre/06 - Lip Lock Rock.mp3"
May 29 23:22 : player: played "AIC/Alice In Chains/Bootlegs/1987-05-01 - Tacoma Little Theatre/07 - Queen of The Rodeo.mp3"
May 29 23:27 : player: played "AIC/Alice In Chains/Bootlegs/1987-05-01 - Tacoma Little Theatre/08 - Hush Hush.mp3"
May 29 23:31 : player: played "AIC/Alice In Chains/Bootlegs/1987-05-01 - Tacoma Little Theatre/09 - Glamourous Girls.mp3"
May 29 23:33 : player: played "AIC/Alice In Chains/Bootlegs/1987-05-01 - Tacoma Little Theatre/10 - Don't Be Satisfied (reprise).mp3"
May 29 23:37 : player: played "AIC/Alice In Chains/Bootlegs/1989 - Is Layne Still In Rehab/01 - What The Hell Have I.mp3"
May 29 23:41 : player: played "AIC/Alice In Chains/Bootlegs/1989 - Is Layne Still In Rehab/02 - A Little Bitter.mp3"
May 29 23:44 : player: played "AIC/Alice In Chains/Bootlegs/1989 - Is Layne Still In Rehab/03 - Killing Yourself.mp3"
May 29 23:47 : player: played "AIC/Alice In Chains/Bootlegs/1989 - Is Layne Still In Rehab/04 - Suffragette City.mp3"
May 29 23:47 : player: played "AIC/Alice In Chains/Bootlegs/1989 - Is Layne Still In Rehab/05 - Social Parasite.mp3"
May 29 23:47 : player: played "AIC/Alice In Chains/Bootlegs/1989 - Is Layne Still In Rehab/05 - Social Parasite.mp3"
May 29 23:50 : client: [2] command "close" during idle
May 29 23:50 : player: played "AIC/Alice In Chains/Bootlegs/1989 - Is Layne Still In Rehab/05 - Social Parasite.mp3"
May 29 23:50 : client: [0] command "close" during idle
May 29 23:50 : client: [2] command "close" during idle
May 29 23:50 : player: played "AIC/Alice In Chains/Bootlegs/1989 - Is Layne Still In Rehab/05 - Social Parasite.mp3"
May 29 23:52 : client: [0] command "close" during idle
May 29 23:53 : player: played "AIC/Alice In Chains/Bootlegs/1989 - Is Layne Still In Rehab/05 - Social Parasite.mp3"
May 30 00:37 : player: played "AIC/Alice In Chains/Bootlegs/1989 - Is Layne Still In Rehab/06 - Chemical Addiction.mp3"
May 30 14:03 : update: removing AIC/Alice In Chains/Albums/1992 - Dirt (Bonus CD, Special limited edition)/Bonus CD/04. Rooster.mp3
May 30 21:23 : player: played "AIC/Alice In Chains/Albums/1992 - Dirt (Bonus CD, Special limited edition)/Bonus CD/04. Rooster.mp3"
May 30 21:25 : player: played "AIC/Alice In Chains/Bootlegs/1987-05-01 - Tacoma Little Theatre/01 - Intro.mp3"
May 30 21:28 : player: played "AIC/Alice In Chains/Bootlegs/1987-05-01 - Tacoma Little Theatre/02 - Hey, Hey Everybody (Ya Yeah Ya).mp3"
May 30 21:32 : player: played "AIC/Alice In Chains/Bootlegs/1987-05-01 - Tacoma Little Theatre/03 - Fat Girls.mp3"
May 30 21:36 : player: played "AIC/Alice In Chains/Bootlegs/1987-05-01 - Tacoma Little Theatre/04 - Don't Be Satisfied.mp3"
May 30 21:39 : player: played "AIC/Alice In Chains/Bootlegs/1987-05-01 - Tacoma Little Theatre/05 - Sealed With A Kiss.mp3"
May 30 21:45 : player: played "AIC/Alice In Chains/Bootlegs/1987-05-01 - Tacoma Little Theatre/06 - Lip Lock Rock.mp3"
May 30 21:49 : player: played "AIC/Alice In Chains/Bootlegs/1987-05-01 - Tacoma Little Theatre/07 - Queen of The Rodeo.mp3"
May 30 21:54 : player: played "AIC/Alice In Chains/Bootlegs/1987-05-01 - Tacoma Little Theatre/08 - Hush Hush.mp3"
May 30 21:58 : player: played "AIC/Alice In Chains/Bootlegs/1987-05-01 - Tacoma Little Theatre/10 - Don't Be Satisfied (reprise).mp3"
May 30 22:02 : player: played "AIC/Alice In Chains/Bootlegs/1989 - Is Layne Still In Rehab/01 - What The Hell Have I.mp3"
May 30 22:06 : player: played "AIC/Alice In Chains/Bootlegs/1989 - Is Layne Still In Rehab/02 - A Little Bitter.mp3"
May 30 22:09 : player: played "AIC/Alice In Chains/Bootlegs/1989 - Is Layne Still In Rehab/03 - Killing Yourself.mp3"
May 30 22:12 : player: played "AIC/Alice In Chains/Bootlegs/1989 - Is Layne Still In Rehab/04 - Suffragette City.mp3"
May 30 22:16 : player: played "AIC/Alice In Chains/Bootlegs/1989 - Is Layne Still In Rehab/05 - Social Parasite.mp3"
May 30 22:21 : player: played "AIC/Alice In Chains/Bootlegs/1989 - Is Layne Still In Rehab/06 - Chemical Addiction.mp3"
May 30 22:24 : player: played "AIC/Alice In Chains/Bootlegs/1989 - Is Layne Still In Rehab/07 - King Of The Kats.mp3"
May 30 22:27 : player: played "AIC/Alice In Chains/Bootlegs/1989 - Is Layne Still In Rehab/08 - Killing Yourself.mp3"
May 30 22:30 : player: played "AIC/Alice In Chains/Bootlegs/1989 - Is Layne Still In Rehab/09 - Queen Of The Rodeo.mp3"
May 30 22:34 : player: played "AIC/Alice In Chains/Bootlegs/1989 - Is Layne Still In Rehab/10 - Heaven N' Hell.mp3"
May 30 22:38 : player: played "AIC/Alice In Chains/Bootlegs/1989 - Is Layne Still In Rehab/11 - Fairytale Love Story.mp3"
May 30 22:42 : player: played "AIC/Alice In Chains/Bootlegs/1989 - Is Layne Still In Rehab/12 - I Can't Have You Blues.mp3"
May 30 22:46 : player: played "AIC/Alice In Chains/Bootlegs/1989 - Is Layne Still In Rehab/13 - Lip Lock Rock.mp3"
May 30 22:50 : player: played "AIC/Alice In Chains/Bootlegs/1989 - Is Layne Still In Rehab/14 - Fat Girls.mp3"
May 30 22:52 : player: played "AIC/Alice In Chains/Bootlegs/1989 - Is Layne Still In Rehab/15 - Over The Edge.mp3"
May 30 22:55 : player: played "AIC/Alice In Chains/Bootlegs/1989 - Is Layne Still In Rehab/16 - Sealed With A Kiss.mp3"
May 30 22:58 : player: played "AIC/Alice In Chains/Bootlegs/1989 - Is Layne Still In Rehab/17 - Ya Yeah Ya.mp3"
May 30 23:01 : player: played "AIC/Alice In Chains/Bootlegs/1989 - Is Layne Still In Rehab/18 - Glamerous Girls.mp3"
May 30 23:04 : player: played "AIC/Alice In Chains/Bootlegs/1989 - Is Layne Still In Rehab/19 - Don't Be Satisfied.mp3"
May 30 23:06 : player: played "AIC/Alice In Chains/Bootlegs/1989 - Is Layne Still In Rehab/20 - Hush, Hush.mp3"
May 30 23:11 : player: played "AIC/Alice In Chains/Bootlegs/1989 - Is Layne Still In Rehab/19 - Don't Be Satisfied.mp3"
May 30 23:13 : player: played "AIC/Alice In Chains/Bootlegs/1989 - Is Layne Still In Rehab/20 - Hush, Hush.mp3"
May 30 23:15 : player: played "AIC/Alice In Chains/Bootlegs/1989 - Is Layne Still In Rehab/21 - Football.mp3"
May 30 23:18 : player: played "AIC/Alice In Chains/Bootlegs/1989 - Sweet Alice/01. Suffragette City (demo).mp3"
May 31 15:58 : player: played "AIC/Alice In Chains/Bootlegs/1989 - Sweet Alice/02. Bleed The Freak (demo).mp3"
May 31 16:03 : player: played "AIC/Alice In Chains/Bootlegs/1989 - Sweet Alice/03. Social Parasite (demo).mp3"
May 31 16:05 : player: played "AIC/Alice In Chains/Bootlegs/1989 - Sweet Alice/04. We Die Young (demo).mp3"
May 31 16:10 : player: played "AIC/Alice In Chains/Bootlegs/1989 - Sweet Alice/05. Chemical Addiction (demo).mp3"
May 31 16:14 : player: played "AIC/Alice In Chains/Bootlegs/1989 - Sweet Alice/06. Sunshine (demo).mp3"
May 31 16:17 : player: played "AIC/Alice In Chains/Bootlegs/1989 - Sweet Alice/07. King Of The Kats (demo).mp3"
May 31 16:20 : player: played "AIC/Alice In Chains/Bootlegs/1989 - Sweet Alice/08. The Real Thing (demo).mp3"
May 31 16:23 : player: played "AIC/Alice In Chains/Bootlegs/1989 - Sweet Alice/09. Killing Yourself (demo).mp3"
May 31 16:28 : player: played "AIC/Alice In Chains/Bootlegs/1989 - Sweet Alice/10. Sea Of Sorrow (demo).mp3"
May 31 16:31 : player: played "AIC/Alice In Chains/Bootlegs/1989 - Sweet Alice/11. I Can't Remember (demo).mp3"
May 31 16:35 : player: played "AIC/Alice In Chains/Bootlegs/1989 - Sweet Alice/12. Queen Of The Rodeo (demo).mp3"
May 31 16:47 : player: played "AIC/Alice In Chains/Bootlegs/1990 - Seattle, WA, 1990-09-02/09. Love, Hate, Love.mp3"
May 31 16:52 : player: played "AIC/Alice In Chains/Bootlegs/1990 - Seattle, WA, 1990-09-02/01. It Ain't Like That.mp3"
May 31 16:56 : player: played "AIC/Alice In Chains/Bootlegs/1990 - Seattle, WA, 1990-09-02/02. Man In The Box.mp3"
May 31 17:02 : player: played "AIC/Alice In Chains/Bootlegs/1990 - Seattle, WA, 1990-09-02/03. Sea of Sorrow.mp3"
May 31 17:05 : player: played "AIC/Alice In Chains/Bootlegs/1990 - Seattle, WA, 1990-09-02/04. Put You Down.mp3"
May 31 17:11 : player: played "AIC/Alice In Chains/Bootlegs/1990 - Seattle, WA, 1990-09-02/05. Confusion.mp3"
May 31 20:18 : update: updating AIC/Alice In Chains/Bootlegs/1990 - Seattle, WA, 1990-09-02/08. Bleed The Freak.mp3
May 31 20:18 : update: updating AIC/Alice In Chains/Bootlegs/1990 - Seattle, WA, 1990-09-02/09. Love, Hate, Love.mp3
May 31 20:18 : update: added AIC/Alice In Chains/Bootlegs/1990 - Seattle, WA, 1990-09-02/10. Sunshine.mp3
May 31 20:18 : update: added AIC/Alice In Chains/Bootlegs/1990 - Seattle, WA, 1990-09-02/11. We Die Young.mp3
May 31 20:18 : update: added AIC/Alice In Chains/Bootlegs/1990 - Seattle, WA, 1990-09-02/12. Queen of The Rodeo.mp3
May 31 20:24 : player: played "AIC/Alice In Chains/Bootlegs/1990 - Seattle, WA, 1990-09-02/09. Love, Hate, Love.mp3"
May 31 20:29 : player: played "AIC/Alice In Chains/Bootlegs/1990 - Seattle, WA, 1990-09-02/01. It Ain't Like That.mp3"
May 31 20:33 : player: played "AIC/Alice In Chains/Bootlegs/1990 - Seattle, WA, 1990-09-02/02. Man In The Box.mp3"
May 31 20:39 : player: played "AIC/Alice In Chains/Bootlegs/1990 - Seattle, WA, 1990-09-02/03. Sea of Sorrow.mp3"
May 31 20:55 : player: played "AIC/Alice In Chains/Bootlegs/1990 - Seattle, WA, 1990-09-02/04. Put You Down.mp3"
May 31 21:00 : player: played "AIC/Alice In Chains/Bootlegs/1990 - Seattle, WA, 1990-09-02/05. Confusion.mp3"
May 31 21:05 : player: played "AIC/Alice In Chains/Bootlegs/1990 - Seattle, WA, 1990-09-02/06. Real Thing.mp3"
May 31 21:09 : player: played "AIC/Alice In Chains/Bootlegs/1990 - Seattle, WA, 1990-09-02/07. I Can't Remember.mp3"
May 31 21:13 : player: played "AIC/Alice In Chains/Bootlegs/1990 - Seattle, WA, 1990-09-02/08. Bleed The Freak.mp3"
May 31 21:19 : player: played "AIC/Alice In Chains/Bootlegs/1992 - Motorized/05. Confusion.mp3"
May 31 21:24 : player: played "AIC/Alice In Chains/Bootlegs/1992 - Motorized/06. Real Thing.mp3"
May 31 21:29 : player: played "AIC/Alice In Chains/Bootlegs/1992 - We Die Young (Version 1)/03 - Sea Of Sorrow.mp3"
May 31 21:29 : player: played "AIC/Alice In Chains/Bootlegs/1992 - We Die Young (Version 1)/12 - Love Hate Love.mp3"
May 31 21:34 : player: played "AIC/Alice In Chains/Bootlegs/1992 - We Die Young (Version 1)/13 - Heartbreaker.mp3"
May 31 21:42 : update: removing AIC/Alice In Chains/Bootlegs/1992 - We Die Young (Version 1)/14 - Bleed The Freak.mp3
May 31 21:42 : update: removing AIC/Alice In Chains/Bootlegs/1992 - We Die Young (Version 1)/13 - Heartbreaker.mp3
May 31 21:42 : update: removing AIC/Alice In Chains/Bootlegs/1992 - We Die Young (Version 1)/12 - Love Hate Love.mp3
May 31 21:42 : update: removing AIC/Alice In Chains/Bootlegs/1992 - We Die Young (Version 1)/03 - Sea Of Sorrow.mp3
May 31 21:42 : update: added AIC/Alice In Chains/Bootlegs/1992 - Motorized/01. It Aint Like That.mp3
May 31 21:42 : update: added AIC/Alice In Chains/Bootlegs/1992 - Motorized/02. The Man In The Box.mp3
May 31 21:42 : update: added AIC/Alice In Chains/Bootlegs/1992 - Motorized/03. Sea Of Sorrow.mp3
May 31 21:42 : update: added AIC/Alice In Chains/Bootlegs/1992 - Motorized/04. Put You Down.mp3
May 31 21:42 : update: updating AIC/Alice In Chains/Bootlegs/1992 - Motorized/05. Confusion.mp3
May 31 21:42 : update: updating AIC/Alice In Chains/Bootlegs/1992 - Motorized/06. Real Thing.mp3
May 31 21:42 : update: added AIC/Alice In Chains/Bootlegs/1992 - Motorized/07. I Cant Remember.mp3
May 31 21:42 : update: added AIC/Alice In Chains/Bootlegs/1992 - Motorized/08. Bleed The Freek.mp3
May 31 21:42 : update: added AIC/Alice In Chains/Bootlegs/1992 - Motorized/09. Love, Hate, Love.mp3
May 31 21:42 : update: added AIC/Alice In Chains/Bootlegs/1992 - Motorized/10. Sunshine.mp3
May 31 21:42 : update: added AIC/Alice In Chains/Bootlegs/1992 - Motorized/11. We Die Young.mp3
May 31 21:42 : update: updating AIC/Alice In Chains/Bootlegs/1992-11-20 - 13 13 Club/01 - Dam That River.mp3
May 31 21:42 : update: added AIC/Alice In Chains/Bootlegs/1992-11-20 - 13 13 Club/02 - We Die Young.mp3
May 31 21:42 : update: added AIC/Alice In Chains/Bootlegs/1992-11-20 - 13 13 Club/03 - Them Bones.mp3
May 31 21:42 : update: added AIC/Alice In Chains/Bootlegs/1992-11-20 - 13 13 Club/04 - Would.mp3
May 31 21:42 : update: updating AIC/Alice In Chains/Bootlegs/1992-11-20 - 13 13 Club/05 - Love Hate Love.mp3
May 31 21:42 : update: added AIC/Alice In Chains/Bootlegs/1992-11-20 - 13 13 Club/06 - Junkhead.mp3
May 31 21:42 : update: added AIC/Alice In Chains/Bootlegs/1992-11-20 - 13 13 Club/07 - God Smack.mp3
May 31 21:42 : update: added AIC/Alice In Chains/Bootlegs/1992-11-20 - 13 13 Club/08 - Bleed The Freak.mp3
May 31 21:42 : update: added AIC/Alice In Chains/Bootlegs/1992-11-20 - 13 13 Club/09 - Put You Down.mp3
May 31 21:42 : update: added AIC/Alice In Chains/Bootlegs/1992-11-20 - 13 13 Club/10 - It Ain't Like That.mp3
May 31 21:42 : update: added AIC/Alice In Chains/Bootlegs/1992-11-20 - 13 13 Club/11 - Hate To Feel.mp3
May 31 21:42 : update: updating AIC/Alice In Chains/Bootlegs/1992-11-20 - 13 13 Club/12 - Dirt.mp3
May 31 21:42 : update: added AIC/Alice In Chains/Bootlegs/1992-11-20 - 13 13 Club/13 - Angry Chair.mp3
May 31 21:42 : update: updating AIC/Alice In Chains/Bootlegs/1992-11-20 - 13 13 Club/14 - Man In The Box.mp3
May 31 21:42 : update: added AIC/Alice In Chains/Bootlegs/1992-11-29 - Life In Chains/01 - Dam That River.mp3
May 31 21:42 : update: added AIC/Alice In Chains/Bootlegs/1992-11-29 - Life In Chains/02 - We Die Young.mp3
May 31 21:42 : update: added AIC/Alice In Chains/Bootlegs/1992-11-29 - Life In Chains/03 - Them Bones.mp3
May 31 21:42 : update: added AIC/Alice In Chains/Bootlegs/1992-11-29 - Life In Chains/04 - Would.mp3
May 31 21:42 : update: added AIC/Alice In Chains/Bootlegs/1992-11-29 - Life In Chains/05 - Love, Hate, Love.mp3
May 31 21:42 : update: updating AIC/Alice In Chains/Bootlegs/1992-11-29 - Life In Chains/06 - Junkhead.mp3
May 31 21:42 : update: added AIC/Alice In Chains/Bootlegs/1992-11-29 - Life In Chains/07 - God Smack.mp3
May 31 21:42 : update: added AIC/Alice In Chains/Bootlegs/1992-11-29 - Life In Chains/08 - Bleed The Freak.mp3
May 31 21:42 : update: added AIC/Alice In Chains/Bootlegs/1992-11-29 - Life In Chains/09 - Put You Down.mp3
May 31 21:42 : update: added AIC/Alice In Chains/Bootlegs/1992-11-29 - Life In Chains/10 - Sickman.mp3
May 31 21:42 : update: added AIC/Alice In Chains/Bootlegs/1992-11-29 - Life In Chains/11 - It Ain't Like That.mp3
May 31 21:42 : update: added AIC/Alice In Chains/Bootlegs/1992-11-29 - Life In Chains/12 - Hate To Feel.mp3
May 31 21:42 : update: added AIC/Alice In Chains/Bootlegs/1992-11-29 - Life In Chains/13 - Angry Chair.mp3
May 31 21:42 : update: added AIC/Alice In Chains/Bootlegs/1992-11-29 - Life In Chains/14 - Man In The Box.mp3
May 31 21:42 : update: added AIC/Alice In Chains/Bootlegs/1992-12-20 - Live In Seattle/01 - Junkhead.mp3
May 31 21:42 : update: updating AIC/Alice In Chains/Bootlegs/1992-12-20 - Live In Seattle/02 - Put You Down.mp3
May 31 21:42 : update: updating AIC/Alice In Chains/Bootlegs/1992-12-20 - Live In Seattle/03 - It Ain't Like That.mp3
May 31 21:42 : update: updating AIC/Alice In Chains/Bootlegs/1992-12-20 - Live In Seattle/04 - Love, Hate Love.mp3
May 31 21:42 : update: added AIC/Alice In Chains/Bootlegs/1992-12-20 - Live In Seattle/05 - God Smack.mp3
May 31 21:42 : update: added AIC/Alice In Chains/Bootlegs/1992-12-20 - Live In Seattle/06 - Sickman.mp3
May 31 21:42 : update: added AIC/Alice In Chains/Bootlegs/1992-12-20 - Live In Seattle/07 - Bleed The Freak.mp3
May 31 21:42 : update: added AIC/Alice In Chains/Bootlegs/1992-12-20 - Live In Seattle/08 - Dirt.mp3
May 31 21:42 : update: added AIC/Alice In Chains/Bootlegs/1992-12-20 - Live In Seattle/09 - Sweet Home Alabama (tease).mp3
May 31 21:42 : update: added AIC/Alice In Chains/Bootlegs/1992-12-20 - Live In Seattle/10 - Man In The Box.mp3
May 31 21:42 : update: added AIC/Alice In Chains/Bootlegs/1992-12-20 - Live In Seattle/11 - Dam That River.mp3
May 31 21:42 : update: added AIC/Alice In Chains/Bootlegs/1992-12-20 - Live In Seattle/12 - We Die Young.mp3
May 31 21:42 : update: added AIC/Alice In Chains/Bootlegs/1992-12-20 - Live In Seattle/13 - Them Bones.mp3
May 31 21:42 : update: updating AIC/Alice In Chains/Bootlegs/1992-12-20 - Live In Seattle/14 - (another tease).mp3
May 31 21:42 : update: updating AIC/Alice In Chains/Bootlegs/1992-12-20 - Live In Seattle/15 - Hate To Feel.mp3
May 31 21:42 : update: added AIC/Alice In Chains/Bootlegs/1992-12-20 - Live In Seattle/16 - Angry Chair.mp3
May 31 21:42 : update: updating AIC/Alice In Chains/Bootlegs/1992-12-20 - Live In Seattle/17 - Rooster.mp3
May 31 21:42 : update: added AIC/Alice In Chains/Bootlegs/1992.12.20 - We Die Young (Seattle Center, Seattle, Washington) (Version 2)/01 - Junkhead.mp3
May 31 21:42 : update: added AIC/Alice In Chains/Bootlegs/1992.12.20 - We Die Young (Seattle Center, Seattle, Washington) (Version 2)/02 - Put You Down.mp3
May 31 21:42 : update: added AIC/Alice In Chains/Bootlegs/1992.12.20 - We Die Young (Seattle Center, Seattle, Washington) (Version 2)/03 - It Ain't Like That.mp3
May 31 21:42 : update: updating AIC/Alice In Chains/Bootlegs/1992.12.20 - We Die Young (Seattle Center, Seattle, Washington) (Version 2)/04 - Love, Hate, Love.mp3
May 31 21:42 : update: added AIC/Alice In Chains/Bootlegs/1992.12.20 - We Die Young (Seattle Center, Seattle, Washington) (Version 2)/05 - God Smack.mp3
May 31 21:42 : update: updating AIC/Alice In Chains/Bootlegs/1992.12.20 - We Die Young (Seattle Center, Seattle, Washington) (Version 2)/06 - Sickman.mp3
May 31 21:42 : update: added AIC/Alice In Chains/Bootlegs/1992.12.20 - We Die Young (Seattle Center, Seattle, Washington) (Version 2)/07 - Bleed The Freak.mp3
May 31 21:42 : update: added AIC/Alice In Chains/Bootlegs/1992.12.20 - We Die Young (Seattle Center, Seattle, Washington) (Version 2)/08 - Dirt.mp3
May 31 21:42 : update: added AIC/Alice In Chains/Bootlegs/1992.12.20 - We Die Young (Seattle Center, Seattle, Washington) (Version 2)/09 - Sweet Home Alabama (Tease).mp3
May 31 21:42 : update: added AIC/Alice In Chains/Bootlegs/1992.12.20 - We Die Young (Seattle Center, Seattle, Washington) (Version 2)/10 - Man In The Box.mp3
May 31 21:42 : update: added AIC/Alice In Chains/Bootlegs/1992.12.20 - We Die Young (Seattle Center, Seattle, Washington) (Version 2)/11 - Dam That River.mp3
May 31 21:42 : update: added AIC/Alice In Chains/Bootlegs/1992.12.20 - We Die Young (Seattle Center, Seattle, Washington) (Version 2)/12 - We Die Young.mp3
May 31 21:42 : update: added AIC/Alice In Chains/Bootlegs/1992.12.20 - We Die Young (Seattle Center, Seattle, Washington) (Version 2)/13 - Them Bones.mp3
May 31 21:42 : update: added AIC/Alice In Chains/Bootlegs/1992.12.20 - We Die Young (Seattle Center, Seattle, Washington) (Version 2)/14 - (Another Tease).mp3
May 31 21:42 : update: added AIC/Alice In Chains/Bootlegs/1992.12.20 - We Die Young (Seattle Center, Seattle, Washington) (Version 2)/15 - Hate To Feel.mp3
May 31 21:42 : update: added AIC/Alice In Chains/Bootlegs/1992.12.20 - We Die Young (Seattle Center, Seattle, Washington) (Version 2)/16 - Angry Chair.mp3
May 31 21:42 : update: added AIC/Alice In Chains/Bootlegs/1992.12.20 - We Die Young (Seattle Center, Seattle, Washington) (Version 2)/17 - Rooster.mp3
May 31 21:42 : update: updating AIC/Alice In Chains/Bootlegs/1993 - Bad Dream (Barrowlands, 1993-03-02)/01. Dam That River.mp3
May 31 21:42 : update: added AIC/Alice In Chains/Bootlegs/1993 - Bad Dream (Barrowlands, 1993-03-02)/02. We Die Young.mp3
May 31 21:42 : update: updating AIC/Alice In Chains/Bootlegs/1993 - Bad Dream (Barrowlands, 1993-03-02)/03. Them Bones.mp3
May 31 21:42 : update: added AIC/Alice In Chains/Bootlegs/1993 - Bad Dream (Barrowlands, 1993-03-02)/04. Would.mp3
May 31 21:42 : update: added AIC/Alice In Chains/Bootlegs/1993 - Bad Dream (Barrowlands, 1993-03-02)/05. Rooster.mp3
May 31 21:42 : update: added AIC/Alice In Chains/Bootlegs/1993 - Bad Dream (Barrowlands, 1993-03-02)/06. Junkhead.mp3
May 31 21:42 : update: added AIC/Alice In Chains/Bootlegs/1993 - Bad Dream (Barrowlands, 1993-03-02)/07. Bleed The Freak.mp3
May 31 21:42 : update: added AIC/Alice In Chains/Bootlegs/1993 - Bad Dream (Barrowlands, 1993-03-02)/08. Godsmack.mp3
May 31 21:42 : update: updating AIC/Alice In Chains/Bootlegs/1993 - Bad Dream (Barrowlands, 1993-03-02)/09. Sickman.mp3
May 31 21:42 : update: added AIC/Alice In Chains/Bootlegs/1993 - Bad Dream (Barrowlands, 1993-03-02)/10. It Ain't Like That.mp3
May 31 21:42 : update: added AIC/Alice In Chains/Bootlegs/1993 - Bad Dream (Barrowlands, 1993-03-02)/11. Hate To Feel.mp3
May 31 21:42 : update: added AIC/Alice In Chains/Bootlegs/1993 - Live And Unchained/01. Junkhead.mp3
May 31 21:42 : update: added AIC/Alice In Chains/Bootlegs/1993 - Live And Unchained/02. Would.mp3
May 31 21:42 : update: added AIC/Alice In Chains/Bootlegs/1993 - Live And Unchained/03. Man In The Box.mp3
May 31 21:42 : update: added AIC/Alice In Chains/Bootlegs/1993 - Live And Unchained/04. Real Thing.mp3
May 31 21:42 : update: added AIC/Alice In Chains/Bootlegs/1993 - Live And Unchained/05. Love, Hate, Love.mp3
May 31 21:42 : update: added AIC/Alice In Chains/Bootlegs/1993 - Live And Unchained/06. Sea Of Sorrow.mp3
May 31 21:42 : update: added AIC/Alice In Chains/Bootlegs/1993 - Live And Unchained/07. Bleed The Freak.mp3
May 31 21:42 : update: added AIC/Alice In Chains/Bootlegs/1993 - Live And Unchained/08. Sickman.mp3
May 31 21:42 : update: added AIC/Alice In Chains/Bootlegs/1993 - Live And Unchained/09. It Ain't Like That.mp3
May 31 21:42 : update: added AIC/Alice In Chains/Bootlegs/1993 - Live And Unchained/10. Put You Down.mp3
May 31 21:42 : update: updating AIC/Alice In Chains/Bootlegs/1993 - Live And Unchained/11. Would.mp3
May 31 21:42 : update: added AIC/Alice In Chains/Bootlegs/1993 - Live And Unchained/12. We Die Young.mp3
May 31 21:42 : update: added AIC/Alice In Chains/Bootlegs/1993 - Live And Unchained/13. Under The Hill.mp3
May 31 21:42 : update: updating AIC/Alice In Chains/Bootlegs/1993 - Live And Unchained/14. Bleed The Freak.mp3
May 31 21:42 : update: updating AIC/Alice In Chains/Bootlegs/1993 - Live And Unchained/15. Man In The Box.mp3
May 31 21:42 : update: updating AIC/Alice In Chains/Bootlegs/1993-01-08 - Live In Honolulu/01. Dam That River.mp3
May 31 21:42 : update: updating AIC/Alice In Chains/Bootlegs/1993-01-08 - Live In Honolulu/02. We Die Young.mp3
May 31 21:42 : update: added AIC/Alice In Chains/Bootlegs/1993-01-08 - Live In Honolulu/03. Them Bones.mp3
May 31 21:42 : update: added AIC/Alice In Chains/Bootlegs/1993-01-08 - Live In Honolulu/04. Would_.mp3
May 31 21:42 : update: added AIC/Alice In Chains/Bootlegs/1993-01-08 - Live In Honolulu/05. Love, Hate, Love.mp3
May 31 21:42 : update: updating AIC/Alice In Chains/Bootlegs/1993-01-08 - Live In Honolulu/06. Junkhead.mp3
May 31 21:42 : update: updating AIC/Alice In Chains/Bootlegs/1993-01-08 - Live In Honolulu/07. God Smack.mp3
May 31 21:42 : update: added AIC/Alice In Chains/Bootlegs/1993-01-08 - Live In Honolulu/08. Bleed The Freak.mp3
May 31 21:42 : update: updating AIC/Alice In Chains/Bootlegs/1993-01-08 - Live In Honolulu/09. Put You Down.mp3
May 31 21:42 : update: added AIC/Alice In Chains/Bootlegs/1993-01-08 - Live In Honolulu/10. Sickman.mp3
May 31 21:42 : update: added AIC/Alice In Chains/Bootlegs/1993-01-08 - Live In Honolulu/11. It Ain't Like That.mp3
May 31 21:42 : update: added AIC/Alice In Chains/Bootlegs/1993-01-08 - Live In Honolulu/12. (drumvocal competition wfans + Sean Kinney comedy routine).mp3
May 31 21:42 : update: updating AIC/Alice In Chains/Bootlegs/1993-01-08 - Live In Honolulu/13. Hate To Feel.mp3
May 31 21:42 : update: added AIC/Alice In Chains/Bootlegs/1993-01-08 - Live In Honolulu/14. Angry Chair.mp3
May 31 21:42 : update: added AIC/Alice In Chains/Bootlegs/1993-01-08 - Live In Honolulu/15. Man In The Box.mp3
May 31 21:42 : update: added AIC/Alice In Chains/Bootlegs/1993-02-19 - Come And Save Me/01. A Little Bitter.mp3
May 31 21:42 : update: added AIC/Alice In Chains/Bootlegs/1993-02-19 - Come And Save Me/02. We Die Young.mp3
May 31 21:42 : update: added AIC/Alice In Chains/Bootlegs/1993-02-19 - Come And Save Me/03. Angry Chair.mp3
May 31 21:42 : update: added AIC/Alice In Chains/Bootlegs/1993-02-19 - Come And Save Me/04. It Ain't Like That.mp3
May 31 21:42 : update: added AIC/Alice In Chains/Bootlegs/1993-02-19 - Come And Save Me/05. Hate To Feel.mp3
May 31 21:42 : update: added AIC/Alice In Chains/Bootlegs/1993-02-19 - Come And Save Me/06. Dirt.mp3
May 31 21:42 : update: added AIC/Alice In Chains/Bootlegs/1993-02-19 - Come And Save Me/07. Them Bones.mp3
May 31 21:42 : update: added AIC/Alice In Chains/Bootlegs/1993-02-19 - Come And Save Me/08. Dam That River.mp3
May 31 21:42 : update: added AIC/Alice In Chains/Bootlegs/1993-02-19 - Come And Save Me/09. Bleed The Freak.mp3
May 31 21:42 : update: added AIC/Alice In Chains/Bootlegs/1993-02-19 - Come And Save Me/10. God Smack.mp3
May 31 21:42 : update: added AIC/Alice In Chains/Bootlegs/1993-02-19 - Come And Save Me/11. Junkhead.mp3
May 31 21:42 : update: added AIC/Alice In Chains/Bootlegs/1993-02-19 - Come And Save Me/12. What The Hell Have I.mp3
May 31 21:42 : update: added AIC/Alice In Chains/Bootlegs/1993-02-19 - Come And Save Me/13. Rooster.mp3
May 31 21:42 : update: added AIC/Alice In Chains/Bootlegs/1993-02-19 - Come And Save Me/14. Would.mp3
May 31 21:42 : update: added AIC/Alice In Chains/Bootlegs/1993-02-19 - Come And Save Me/15. Jam.mp3
May 31 21:42 : update: added AIC/Alice In Chains/Bootlegs/1993-02-19 - Come And Save Me/16. Rain When I Die.mp3
May 31 21:42 : update: added AIC/Alice In Chains/Bootlegs/1993-02-19 - Come And Save Me/17. Sickman.mp3
May 31 21:42 : update: added AIC/Alice In Chains/Bootlegs/1993-02-20 - Little Red Rooster/01 - Dam that river.mp3
May 31 21:42 : update: added AIC/Alice In Chains/Bootlegs/1993-02-20 - Little Red Rooster/02 - We Die Young.mp3
May 31 21:42 : update: added AIC/Alice In Chains/Bootlegs/1993-02-20 - Little Red Rooster/03 - Them Bones.mp3
May 31 21:42 : update: added AIC/Alice In Chains/Bootlegs/1993-02-20 - Little Red Rooster/04 - Would.mp3
May 31 21:42 : update: added AIC/Alice In Chains/Bootlegs/1993-02-20 - Little Red Rooster/05 - Love, Hate, Love.mp3
May 31 21:42 : update: updating AIC/Alice In Chains/Bootlegs/1993-02-20 - Little Red Rooster/06 - Junkhead.mp3
May 31 21:42 : update: added AIC/Alice In Chains/Bootlegs/1993-02-20 - Little Red Rooster/07 - Bleed the Freak.mp3
May 31 21:42 : update: added AIC/Alice In Chains/Bootlegs/1993-02-20 - Little Red Rooster/08 - Rooster.mp3
May 31 21:42 : update: added AIC/Alice In Chains/Bootlegs/1993-02-20 - Little Red Rooster/09 - Put You Down.mp3
May 31 21:42 : update: updating AIC/Alice In Chains/Bootlegs/1993-02-20 - Little Red Rooster/10 - I Ain't Like That.mp3
May 31 21:42 : update: added AIC/Alice In Chains/Bootlegs/1993-02-20 - Little Red Rooster/11 - Hate to Feel.mp3
May 31 21:42 : update: added AIC/Alice In Chains/Bootlegs/1993-02-20 - Little Red Rooster/12 - Angry Chair.mp3
May 31 21:42 : update: added AIC/Alice In Chains/Bootlegs/1993-02-20 - Little Red Rooster/13 - Man in the Box.mp3
May 31 21:42 : update: updating AIC/Alice In Chains/Bootlegs/1993-10-04 - Live at Brixton Academy, London/01. Nutshell.mp3
May 31 21:42 : update: added AIC/Alice In Chains/Bootlegs/1993-10-04 - Live at Brixton Academy, London/02. God Smack.mp3
May 31 21:42 : update: added AIC/Alice In Chains/Bootlegs/1993-10-04 - Live at Brixton Academy, London/03. Junkhead.mp3
May 31 21:42 : update: added AIC/Alice In Chains/Bootlegs/1993-10-04 - Live at Brixton Academy, London/04. It Ain't Like That.mp3
May 31 21:42 : update: added AIC/Alice In Chains/Bootlegs/1993-10-04 - Live at Brixton Academy, London/05. A Little Bitter.mp3
May 31 21:42 : update: added AIC/Alice In Chains/Bootlegs/1993-10-04 - Live at Brixton Academy, London/06. Rain When I Die.mp3
May 31 21:42 : update: added AIC/Alice In Chains/Bootlegs/1993-10-04 - Live at Brixton Academy, London/07. Sickman.mp3
May 31 21:42 : update: added AIC/Alice In Chains/Bootlegs/1993-10-04 - Live at Brixton Academy, London/08. Bleed The Freak.mp3
May 31 21:42 : update: added AIC/Alice In Chains/Bootlegs/1993-10-04 - Live at Brixton Academy, London/09. What The Hell Have I.mp3
May 31 21:42 : update: updating AIC/Alice In Chains/Bootlegs/1993-10-04 - Live at Brixton Academy, London/10. Angry Chair.mp3
May 31 21:42 : update: added AIC/Alice In Chains/Bootlegs/1993-10-04 - Live at Brixton Academy, London/11. Hate To Feel.mp3
May 31 21:42 : update: added AIC/Alice In Chains/Bootlegs/1993-10-04 - Live at Brixton Academy, London/12. Dirt.mp3
May 31 21:42 : update: added AIC/Alice In Chains/Bootlegs/1993-10-04 - Live at Brixton Academy, London/13. We Die Young.mp3
May 31 21:42 : update: added AIC/Alice In Chains/Bootlegs/1993-10-04 - Live at Brixton Academy, London/14. Dam That River.mp3
May 31 21:42 : update: updating AIC/Alice In Chains/Bootlegs/1993-10-04 - Live at Brixton Academy, London/15. Them Bones.mp3
May 31 21:42 : update: added AIC/Alice In Chains/Bootlegs/1993-10-04 - Live at Brixton Academy, London/16. Rooster.mp3
May 31 21:42 : update: updating AIC/Alice In Chains/Bootlegs/1993-10-04 - Live at Brixton Academy, London/17. Would_.mp3
May 31 21:42 : update: added AIC/Alice In Chains/Bootlegs/1994 - Nightland/01. Man In The Box.mp3
May 31 21:42 : update: added AIC/Alice In Chains/Bootlegs/1994 - Nightland/02. Love Hate Love.mp3
May 31 21:42 : update: added AIC/Alice In Chains/Bootlegs/1994 - Nightland/03. Junkhead.mp3
May 31 21:42 : update: added AIC/Alice In Chains/Bootlegs/1994 - Nightland/04. Under The Hill.mp3
May 31 21:42 : update: added AIC/Alice In Chains/Bootlegs/1994 - Nightland/05. Sea Of Sorrow.mp3
May 31 21:42 : update: added AIC/Alice In Chains/Bootlegs/1994 - Nightland/06. Would_.mp3
May 31 21:42 : update: added AIC/Alice In Chains/Bootlegs/1994 - Nightland/07. Bleed The Freak.mp3
May 31 21:42 : update: added AIC/Alice In Chains/Bootlegs/1994 - Nightland/08. It Ain't Like That.mp3
May 31 21:42 : update: added AIC/Alice In Chains/Bootlegs/1994 - Nightland/09. Put You Down.mp3
May 31 21:42 : update: added AIC/Alice In Chains/Bootlegs/1994 - Nightland/10. Sickman.mp3
May 31 21:42 : update: added AIC/Alice In Chains/Bootlegs/1995 - Heroin/01. Suffragette City (1989 demo).mp3
May 31 21:42 : update: updating AIC/Alice In Chains/Bootlegs/1995 - Heroin/02. Bleed The Freak (1989 demo).mp3
May 31 21:42 : update: updating AIC/Alice In Chains/Bootlegs/1995 - Heroin/03. Social Parasite (1989 demo).mp3
May 31 21:42 : update: added AIC/Alice In Chains/Bootlegs/1995 - Heroin/04. We Die Young (1989 demo).mp3
May 31 21:42 : update: updating AIC/Alice In Chains/Bootlegs/1995 - Heroin/05. Chemical Addiction (1989 demo).mp3
May 31 21:42 : update: updating AIC/Alice In Chains/Bootlegs/1995 - Heroin/06. Sunshine (1989 demo).mp3
May 31 21:42 : update: updating AIC/Alice In Chains/Bootlegs/1995 - Heroin/07. King Of The Kats (1989 demo).mp3
May 31 21:42 : update: added AIC/Alice In Chains/Bootlegs/1995 - Heroin/08. The Real Thing (1989 demo).mp3
May 31 21:42 : update: added AIC/Alice In Chains/Bootlegs/1995 - Heroin/09. Killing Yourself (1989 demo).mp3
May 31 21:42 : update: added AIC/Alice In Chains/Bootlegs/1995 - Heroin/10. Sea Of Sorrow (1989 demo).mp3
May 31 21:42 : update: added AIC/Alice In Chains/Bootlegs/1995 - Heroin/11. I Can't Remember (1989 demo).mp3
May 31 21:42 : update: added AIC/Alice In Chains/Bootlegs/1995 - Heroin/12. Queen Of The Rodeo (1989 demo).mp3
May 31 21:42 : update: added AIC/Alice In Chains/Bootlegs/1995 - Heroin/13. Would (1992 live mtv drops the ball).mp3
May 31 21:42 : update: added AIC/Alice In Chains/Bootlegs/1995 - Heroin/14. Angry Chair (1992 live mtv drops the ball).mp3
May 31 21:42 : update: added AIC/Alice In Chains/Bootlegs/1995 - Heroin/15. Dam That River (1992 live canada).mp3
May 31 21:42 : update: added AIC/Alice In Chains/Bootlegs/1995 - Heroin/16. Them Bones (1992 live canada).mp3
May 31 21:42 : update: added AIC/Alice In Chains/Bootlegs/1995 - Heroin/17. Junkhead (1992 live canada).mp3
May 31 21:42 : update: added AIC/Alice In Chains/Bootlegs/1995 - Heroin/18. Rooster (1992 live canada).mp3
May 31 21:42 : update: added AIC/Alice In Chains/Bootlegs/1995 - Heroin/19.  Nutshell (1994 live osaka japan).mp3
May 31 21:42 : update: added AIC/Alice In Chains/Bootlegs/1996 - Working Class Heroes/01 - What The Hell Have I.mp3
May 31 21:42 : update: added AIC/Alice In Chains/Bootlegs/1996 - Working Class Heroes/02 - A Little Bitter.mp3
May 31 21:42 : update: added AIC/Alice In Chains/Bootlegs/1996 - Working Class Heroes/03 - Killing Yourself.mp3
May 31 21:42 : update: added AIC/Alice In Chains/Bootlegs/1996 - Working Class Heroes/04 - Ring Them Bells.mp3
May 31 21:42 : update: added AIC/Alice In Chains/Bootlegs/1996 - Working Class Heroes/05 - Heaven 'N Hell.mp3
May 31 21:42 : update: added AIC/Alice In Chains/Bootlegs/1996 - Working Class Heroes/06 - Queen Of The Rodeo.mp3
May 31 21:42 : update: added AIC/Alice In Chains/Bootlegs/1996 - Working Class Heroes/07 - Suffragette City.mp3
May 31 21:42 : update: added AIC/Alice In Chains/Bootlegs/1996 - Working Class Heroes/08 - Fairytale Love Story.mp3
May 31 21:42 : update: added AIC/Alice In Chains/Bootlegs/1996 - Working Class Heroes/09 - I Can't Have You Blues.mp3
May 31 21:42 : update: added AIC/Alice In Chains/Bootlegs/1996 - Working Class Heroes/10 - I've Seen All This World I Care To See.mp3
May 31 21:42 : update: added AIC/Alice In Chains/Bootlegs/1996 - Working Class Heroes/11 - I Don't Want Be A Soldier.mp3
May 31 21:42 : update: updating AIC/Alice In Chains/Bootlegs/1996 - Working Class Heroes/12 - Time Of The Preacher.mp3
May 31 21:42 : update: added AIC/Alice In Chains/Bootlegs/1996 - Working Class Heroes/13 - Outro.mp3
May 31 21:42 : update: added AIC/Alice In Chains/Bootlegs/1996 - Working Class Heroes/14 - It Ain't Like That (Live).mp3
May 31 21:42 : update: added AIC/Alice In Chains/Bootlegs/1996 - Working Class Heroes/15 - Hate To Feel (Live).mp3
May 31 21:42 : update: added AIC/Alice In Chains/Bootlegs/1996 - Working Class Heroes/16 - Lip Lock Rock.mp3
May 31 21:42 : update: added AIC/Alice In Chains/Bootlegs/1996-06-30 - Freedom Hall, Louisville, KY/01. Again.mp3
May 31 21:42 : update: added AIC/Alice In Chains/Bootlegs/1996-06-30 - Freedom Hall, Louisville, KY/02. God Am.mp3
May 31 21:42 : update: added AIC/Alice In Chains/Bootlegs/1996-06-30 - Freedom Hall, Louisville, KY/03. Sludge Factory.mp3
May 31 21:42 : update: added AIC/Alice In Chains/Bootlegs/1996-06-30 - Freedom Hall, Louisville, KY/04. We Die Young.mp3
May 31 21:42 : update: added AIC/Alice In Chains/Bootlegs/1996-06-30 - Freedom Hall, Louisville, KY/05. Them Bones.mp3
May 31 21:42 : update: added AIC/Alice In Chains/Bootlegs/1996-06-30 - Freedom Hall, Louisville, KY/06. Angry Chair.mp3
May 31 21:42 : update: added AIC/Alice In Chains/Bootlegs/1996-06-30 - Freedom Hall, Louisville, KY/07. Rooster.mp3
May 31 21:42 : update: updating AIC/Alice In Chains/Bootlegs/1996-06-30 - Freedom Hall, Louisville, KY/08. Would_.mp3
May 31 21:42 : update: updating AIC/Alice In Chains/Bootlegs/1996-06-30 - Freedom Hall, Louisville, KY/09. A Little Bitter.mp3
May 31 21:42 : update: updating AIC/Alice In Chains/Bootlegs/1996-06-30 - Freedom Hall, Louisville, KY/10. Damn That River + Man In The Box.mp3
May 31 21:42 : update: updating AIC/Alice In Chains/Bootlegs/2005-02-18 - Tsunami Relief Benefit Show/01 - The Killer Is Me.mp3
May 31 21:42 : update: updating AIC/Alice In Chains/Bootlegs/2005-02-18 - Tsunami Relief Benefit Show/02 - No Excuses.mp3
May 31 21:42 : update: added AIC/Alice In Chains/Bootlegs/2005-02-18 - Tsunami Relief Benefit Show/03 - Heaven Besides You.mp3
May 31 21:42 : update: added AIC/Alice In Chains/Bootlegs/2005-02-18 - Tsunami Relief Benefit Show/04 - Brother.mp3
May 31 21:42 : update: added AIC/Alice In Chains/Bootlegs/2005-02-18 - Tsunami Relief Benefit Show/05 - Got Me Wrong.mp3
May 31 21:42 : update: added AIC/Alice In Chains/Bootlegs/2005-02-18 - Tsunami Relief Benefit Show/06 - Down In A Hole.mp3
May 31 21:42 : update: added AIC/Alice In Chains/Bootlegs/2005-02-18 - Tsunami Relief Benefit Show/07 - It Ain't Like That.mp3
May 31 21:42 : update: added AIC/Alice In Chains/Bootlegs/2005-02-18 - Tsunami Relief Benefit Show/08 - Again.mp3
May 31 21:42 : update: added AIC/Alice In Chains/Bootlegs/2005-02-18 - Tsunami Relief Benefit Show/09 - Would.mp3
May 31 21:42 : update: added AIC/Alice In Chains/Bootlegs/2005-02-18 - Tsunami Relief Benefit Show/10 - Angry Chair.mp3
May 31 21:42 : update: added AIC/Alice In Chains/Bootlegs/2005-02-18 - Tsunami Relief Benefit Show/11 - Them Bones.mp3
May 31 21:42 : update: added AIC/Alice In Chains/Bootlegs/2005-02-18 - Tsunami Relief Benefit Show/12 - Man In The Box.mp3
May 31 21:42 : update: added AIC/Alice In Chains/Bootlegs/2005-02-18 - Tsunami Relief Benefit Show/13 - Rooster.mp3
May 31 21:42 : update: added AIC/Alice In Chains/Bootlegs/2005-02-18 - Tsunami Relief Benefit Show/14 - Barracuda (Heart).mp3
May 31 21:42 : player: played "AIC/Alice In Chains/Bootlegs/1992-11-20 - 13 13 Club/01 - Dam That River.mp3"
May 31 21:43 : player: played "AIC/Alice In Chains/Albums/1992 - Dirt (Bonus CD, Special limited edition)/Bonus CD/01. Down in a Hole (radio edit).mp3"
May 31 21:47 : player: played "AIC/Alice In Chains/Albums/1992 - Dirt (Bonus CD, Special limited edition)/Bonus CD/01. Down in a Hole (radio edit).mp3"
May 31 21:51 : player: played "AIC/Alice In Chains/Albums/1995 - Alice In Chains (Japanese Edition) (Remastered 2001)/13. Again (Tatoo Of Pain Mix).mp3"
May 31 21:52 : player: played "AIC/Alice In Chains/Albums/2018 - Ranier Fog (Deluxe 2CD)/CD2/09 [Guitar Jam Clip].mp3"
May 31 21:52 : update: removing AIC/Alice In Chains/Albums/1992 - Dirt (Bonus CD, Special limited edition)/Bonus CD/01. Down in a Hole (radio edit).mp3
May 31 21:52 : update: removing AIC/Alice In Chains/Albums/1995 - Alice In Chains (Japanese Edition) (Remastered 2001)/14. Again (Jungle Mix).mp3
May 31 21:52 : update: removing AIC/Alice In Chains/Albums/1995 - Alice In Chains (Japanese Edition) (Remastered 2001)/13. Again (Tatoo Of Pain Mix).mp3
May 31 21:52 : update: removing AIC/Alice In Chains/Albums/1992 - Dirt (Bonus CD, Special limited edition)/Bonus CD/03. What the Hell Have I.mp3
May 31 21:52 : update: removing AIC/Alice In Chains/Albums/1992 - Dirt (Bonus CD, Special limited edition)/Bonus CD/02. Down in a Hole (LP version).mp3
May 31 21:52 : update: removing AIC/Alice In Chains/Albums/2018 - Ranier Fog (Deluxe 2CD)/CD2/09 [Guitar Jam Clip].mp3
May 31 21:52 : update: removing AIC/Alice In Chains/Albums/2018 - Ranier Fog (Deluxe 2CD)/CD2/07 Sweet Home Alabama (tease).mp3
May 31 21:52 : update: updating AIC/Alice In Chains/Singles, EP, Demo/1987 - Demo #2 (Demo)/01. Sealed With A Kiss.mp3
May 31 21:52 : update: updating AIC/Alice In Chains/Singles, EP, Demo/1987 - Demo #2 (Demo)/02. Ya Yeah Ya.mp3
May 31 21:52 : update: updating AIC/Alice In Chains/Singles, EP, Demo/1987 - Demo #2 (Demo)/03. Glamorous Girls.mp3
May 31 21:52 : update: updating AIC/Alice In Chains/Singles, EP, Demo/1987 - Demo #2 (Demo)/04. Don't Be Satisfied.mp3
May 31 21:52 : update: updating AIC/Alice In Chains/Singles, EP, Demo/1987 - Demo #2 (Demo)/05. Hush, Hush.mp3
May 31 21:52 : update: updating AIC/Alice In Chains/Singles, EP, Demo/1987 - Demo #2 (Demo)/06. Football.mp3
May 31 21:52 : update: updating AIC/Alice In Chains/Singles, EP, Demo/1992 - Tasty White Powder (Studio Soundboard Recordings) (Demo)/01. Distance  Aside Demo.mp3
May 31 21:52 : update: updating AIC/Alice In Chains/Singles, EP, Demo/1992 - Tasty White Powder (Studio Soundboard Recordings) (Demo)/02. Foolish Demo.mp3
May 31 21:52 : update: updating AIC/Alice In Chains/Singles, EP, Demo/1992 - Tasty White Powder (Studio Soundboard Recordings) (Demo)/03. Blue Demo.mp3
May 31 21:52 : update: updating AIC/Alice In Chains/Singles, EP, Demo/1992 - Tasty White Powder (Studio Soundboard Recordings) (Demo)/04. We've Become Demo.mp3
May 31 21:52 : update: updating AIC/Alice In Chains/Singles, EP, Demo/1992 - Tasty White Powder (Studio Soundboard Recordings) (Demo)/05. Look Demo.mp3
May 31 21:52 : update: updating AIC/Alice In Chains/Singles, EP, Demo/1992 - Tasty White Powder (Studio Soundboard Recordings) (Demo)/08. There's No Time Demo.mp3
May 31 21:52 : update: added AIC/Alice In Chains/Singles, EP, Demo/1992 - Tasty White Powder (Studio Soundboard Recordings) (Demo)/09. Them Bones Demo.mp3
May 31 21:52 : update: updating AIC/Alice In Chains/Singles, EP, Demo/1992 - Tasty White Powder (Studio Soundboard Recordings) (Demo)/10. Would Demo.mp3
May 31 21:52 : update: added AIC/Alice In Chains/Singles, EP, Demo/1992 - Tasty White Powder (Studio Soundboard Recordings) (Demo)/11. Got Me Wrong Demo.mp3
May 31 21:52 : update: updating AIC/Alice In Chains/Singles, EP, Demo/1992 - Tasty White Powder (Studio Soundboard Recordings) (Demo)/12. Brother Demo.mp3
May 31 21:52 : update: updating AIC/Alice In Chains/Singles, EP, Demo/1992 - Tasty White Powder (Studio Soundboard Recordings) (Demo)/13. Rooster Demo.mp3
May 31 21:52 : update: updating AIC/Alice In Chains/Singles, EP, Demo/1992 - Tasty White Powder (Studio Soundboard Recordings) (Demo)/14. Bleed The Freak Demo.mp3
May 31 21:52 : update: updating AIC/Alice In Chains/Singles, EP, Demo/1992 - Tasty White Powder (Studio Soundboard Recordings) (Demo)/16. Sunshine Demo.mp3
May 31 21:52 : update: updating AIC/Alice In Chains/Singles, EP, Demo/1992 - Tasty White Powder (Studio Soundboard Recordings) (Demo)/17. The Real Thing Demo.mp3
May 31 21:53 : player: played "AIC/Alice In Chains/Singles, EP, Demo/1987 - Demo #2 (Demo)/06. Football.mp3"
May 31 21:54 : player: played "AIC/Alice In Chains/Singles, EP, Demo/1987 - Demo #2 (Demo)/01. Sealed With A Kiss.mp3"
May 31 21:54 : player: played "AIC/Alice In Chains/Singles, EP, Demo/1993 - Chained To The Studio (160kbps)/20. Hush Hush.mp3"
May 31 21:54 : update: removing AIC/Alice In Chains/Singles, EP, Demo/1987 - Demo #2 (Demo)/01. Sealed With A Kiss.mp3
May 31 21:54 : update: removing AIC/Alice In Chains/Singles, EP, Demo/1987 - Demo #2 (Demo)/02. Ya Yeah Ya.mp3
May 31 21:54 : update: removing AIC/Alice In Chains/Singles, EP, Demo/1987 - Demo #2 (Demo)/06. Football.mp3
May 31 21:54 : update: removing AIC/Alice In Chains/Singles, EP, Demo/1987 - Demo #2 (Demo)/05. Hush, Hush.mp3
May 31 21:54 : update: removing AIC/Alice In Chains/Singles, EP, Demo/1987 - Demo #2 (Demo)/04. Don't Be Satisfied.mp3
May 31 21:54 : update: removing AIC/Alice In Chains/Singles, EP, Demo/1987 - Demo #2 (Demo)/03. Glamorous Girls.mp3
Jun 01 00:22 : player: played "AIC/Alice In Chains/Singles, EP, Demo/1993 - Chained To The Studio (160kbps)/01. I Can't Remember.mp3"
Jun 01 00:27 : player: played "AIC/Alice In Chains/Singles, EP, Demo/1993 - Chained To The Studio (160kbps)/02. Sea of Sorrow.mp3"
Jun 01 00:31 : player: played "AIC/Alice In Chains/Singles, EP, Demo/1993 - Chained To The Studio (160kbps)/03. Social Parasite .mp3"
Jun 01 00:35 : player: played "AIC/Alice In Chains/Singles, EP, Demo/1993 - Chained To The Studio (160kbps)/04. King of the Kats.mp3"
Jun 01 00:38 : player: played "AIC/Alice In Chains/Singles, EP, Demo/1993 - Chained To The Studio (160kbps)/05. Suffragette City.mp3"
Jun 01 00:42 : player: played "AIC/Alice In Chains/Singles, EP, Demo/1993 - Chained To The Studio (160kbps)/06. Queen of the Rodeo.mp3"
Jun 01 00:58 : player: played "AIC/Alice In Chains/Singles, EP, Demo/1993 - Chained To The Studio (160kbps)/07. Chemical Addiction.mp3"
Jun 01 01:00 : player: played "AIC/Alice In Chains/Singles, EP, Demo/1993 - Chained To The Studio (160kbps)/08. Killing YourselfAlice In Chains.mp3"
Jun 01 01:03 : player: played "AIC/Alice In Chains/Singles, EP, Demo/1993 - Chained To The Studio (160kbps)/09. Fairytale Love Story.mp3"
Jun 01 01:08 : player: played "AIC/Alice In Chains/Singles, EP, Demo/1993 - Chained To The Studio (160kbps)/10. Sunshine.mp3"
Jun 01 01:10 : player: played "AIC/Alice In Chains/Singles, EP, Demo/1993 - Chained To The Studio (160kbps)/11. We Die Young.mp3"
Jun 01 01:14 : player: played "AIC/Alice In Chains/Singles, EP, Demo/1993 - Chained To The Studio (160kbps)/12. I Can't Have You Blues.mp3"
Jun 01 01:19 : player: played "AIC/Alice In Chains/Singles, EP, Demo/1993 - Chained To The Studio (160kbps)/13. Lip Lock Rock.mp3"
Jun 01 01:22 : player: played "AIC/Alice In Chains/Singles, EP, Demo/1993 - Chained To The Studio (160kbps)/14. Fat Girls.mp3"
Jun 01 01:25 : player: played "AIC/Alice In Chains/Singles, EP, Demo/1993 - Chained To The Studio (160kbps)/15. Over The Edge.mp3"
Jun 01 01:28 : player: played "AIC/Alice In Chains/Singles, EP, Demo/1993 - Chained To The Studio (160kbps)/16. Sealed With A Kiss.mp3"
Jun 01 01:31 : player: played "AIC/Alice In Chains/Singles, EP, Demo/1993 - Chained To The Studio (160kbps)/17. Ya Yeah Ya.mp3"
Jun 01 01:34 : player: played "AIC/Alice In Chains/Singles, EP, Demo/1993 - Chained To The Studio (160kbps)/18. Glamorous Girls.mp3"
Jun 01 01:37 : player: played "AIC/Alice In Chains/Singles, EP, Demo/1993 - Chained To The Studio (160kbps)/19. Don't Be Satisfied.mp3"
Jun 01 01:46 : player: played "AIC/Alice In Chains/Singles, EP, Demo/1993 - Chained To The Studio (160kbps)/19. Don't Be Satisfied.mp3"
Jun 01 01:49 : player: played "AIC/Alice In Chains/Singles, EP, Demo/1993 - Chained To The Studio (160kbps)/20. Hush Hush.mp3"
Jun 02 23:24 : player: played "AIC/Alice In Chains/Singles, EP, Demo/1992 - Tasty White Powder (Studio Soundboard Recordings) (Demo)/01. Distance  Aside Demo.mp3"
Jun 02 23:31 : player: played "AIC/Alice In Chains/Singles, EP, Demo/1993 - Chained To The Studio (160kbps)/21. Football.mp3"
Jun 13 05:09 : player: played "AIC/Alice In Chains/Singles, EP, Demo/1993 - Chained To The Studio (160kbps)/10. Sunshine.mp3"
Jun 13 05:12 : player: played "AIC/Alice In Chains/Singles, EP, Demo/1993 - Chained To The Studio (160kbps)/11. We Die Young.mp3"
Jun 13 05:16 : player: played "AIC/Alice In Chains/Singles, EP, Demo/1993 - Chained To The Studio (160kbps)/12. I Can't Have You Blues.mp3"
Jun 13 05:20 : player: played "AIC/Alice In Chains/Singles, EP, Demo/1993 - Chained To The Studio (160kbps)/13. Lip Lock Rock.mp3"
Jun 13 05:23 : player: played "AIC/Alice In Chains/Singles, EP, Demo/1993 - Chained To The Studio (160kbps)/15. Over The Edge.mp3"
Jun 13 05:26 : player: played "AIC/Alice In Chains/Singles, EP, Demo/1993 - Chained To The Studio (160kbps)/16. Sealed With A Kiss.mp3"
Jun 13 05:30 : player: played "AIC/Alice In Chains/Singles, EP, Demo/1993 - Chained To The Studio (160kbps)/17. Ya Yeah Ya.mp3"
Jun 13 05:32 : player: played "AIC/Alice In Chains/Singles, EP, Demo/1993 - Chained To The Studio (160kbps)/18. Glamorous Girls.mp3"
Jun 13 05:36 : player: played "AIC/Alice In Chains/Singles, EP, Demo/1993 - Chained To The Studio (160kbps)/19. Don't Be Satisfied.mp3"
Jun 13 05:38 : player: played "AIC/Alice In Chains/Singles, EP, Demo/1993 - Chained To The Studio (160kbps)/20. Hush Hush.mp3"
Jun 13 05:41 : player: played "AIC/Alice In Chains/Singles, EP, Demo/1993 - Chained To The Studio (160kbps)/21. Football.mp3"
Jun 13 05:45 : player: played "AIC/Alice In Chains/Singles, EP, Demo/1992 - Tasty White Powder (Studio Soundboard Recordings) (Demo)/01. Distance  Aside Demo.mp3"
Jun 13 05:49 : player: played "AIC/Alice In Chains/Singles, EP, Demo/1992 - Tasty White Powder (Studio Soundboard Recordings) (Demo)/02. Foolish Demo.mp3"
Jun 13 05:54 : player: played "AIC/Alice In Chains/Singles, EP, Demo/1992 - Tasty White Powder (Studio Soundboard Recordings) (Demo)/03. Blue Demo.mp3"
Jun 15 19:22 : player: played "AIC/Alice In Chains/Singles, EP, Demo/1992 - Tasty White Powder (Studio Soundboard Recordings) (Demo)/06. Dirt Demo.mp3"
Jun 15 19:28 : player: played "AIC/Alice In Chains/Singles, EP, Demo/1992 - Tasty White Powder (Studio Soundboard Recordings) (Demo)/07. Junkhead Demo.mp3"
Jun 15 19:37 : player: played "AIC/Alice In Chains/Singles, EP, Demo/1992 - Tasty White Powder (Studio Soundboard Recordings) (Demo)/08. There's No Time Demo.mp3"
